<html>
<head>
<title>TestNG:  Default test</title>
<link href="../testng.css" rel="stylesheet" type="text/css" />
<link href="../my-testng.css" rel="stylesheet" type="text/css" />

<style type="text/css">
.log { display: none;} 
.stack-trace { display: none;} 
</style>
<script type="text/javascript">
<!--
function flip(e) {
  current = e.style.display;
  if (current == 'block') {
    e.style.display = 'none';
    return 0;
  }
  else {
    e.style.display = 'block';
    return 1;
  }
}

function toggleBox(szDivId, elem, msg1, msg2)
{
  var res = -1;  if (document.getElementById) {
    res = flip(document.getElementById(szDivId));
  }
  else if (document.all) {
    // this is the way old msie versions work
    res = flip(document.all[szDivId]);
  }
  if(elem) {
    if(res == 0) elem.innerHTML = msg1; else elem.innerHTML = msg2;
  }

}

function toggleAllBoxes() {
  if (document.getElementsByTagName) {
    d = document.getElementsByTagName('div');
    for (i = 0; i < d.length; i++) {
      if (d[i].className == 'log') {
        flip(d[i]);
      }
    }
  }
}

// -->
</script>

</head>
<body>
<h2 align='center'>Default test</h2><table border='1' align="center">
<tr>
<td>Tests passed/Failed/Skipped:</td><td>0/0/8</td>
</tr><tr>
<td>Started on:</td><td>Tue Jun 26 12:20:32 IST 2018</td>
</tr>
<tr><td>Total time:</td><td>2 seconds (2126 ms)</td>
</tr><tr>
<td>Included groups:</td><td></td>
</tr><tr>
<td>Excluded groups:</td><td></td>
</tr>
</table><p/>
<small><i>(Hover the method name to see the test class name)</i></small><p/>
<table width='100%' border='1' class='invocation-failed'>
<tr><td colspan='4' align='center'><b>FAILED CONFIGURATIONS</b></td></tr>
<tr><td><b>Test method</b></td>
<td width="30%"><b>Exception</b></td>
<td width="10%"><b>Time (seconds)</b></td>
<td><b>Instance</b></td>
</tr>
<tr>
<td title='MyTestCase.NewTest.Setup()'><b>Setup</b><br>Test class: MyTestCase.NewTest</td>
<td><div><pre>org.openqa.selenium.WebDriverException: session null does not exist (WARNING: The server did not provide any stacktrace information)
Command duration or timeout: 2 milliseconds
Build info: version: &apos;2.50.1&apos;, revision: &apos;d7fc91b29de65b790abb01f3ac5f7ea2191c88a7&apos;, time: &apos;2016-01-29 11:11:26&apos;
System info: host: &apos;VICKY-PC&apos;, ip: &apos;169.254.201.190&apos;, os.name: &apos;Windows 7&apos;, os.arch: &apos;amd64&apos;, os.version: &apos;6.1&apos;, java.version: &apos;1.8.0_131&apos;
Driver info: org.openqa.selenium.ie.InternetExplorerDriver
Capabilities [{capabilities={proxy={}, acceptInsecureCerts=false, browserVersion=11, se:ieOptions={nativeEvents=true, browserAttachTimeout=0, ie.ensureCleanSession=false, elementScrollBehavior=0, enablePersistentHover=true, ie.browserCommandLineSwitches=, ie.forceCreateProcessApi=false, requireWindowFocus=false, initialBrowserUrl=http://localhost:37782/, ignoreZoomSetting=false, ie.fileUploadDialogTimeout=3000, ignoreProtectedModeSettings=false}, timeouts={implicit=0, pageLoad=300000, script=30000}, browserName=internet explorer, pageLoadStrategy=normal, unhandledPromptBehavior=dismiss, platformName=windows, setWindowRect=true}, sessionId=e3208a12-33e1-4481-b1c8-7601c95e6257, platform=ANY}]
Session ID: null
	at sun.reflect.NativeConstructorAccessorImpl.newInstance0(Native Method)
	at sun.reflect.NativeConstructorAccessorImpl.newInstance(Unknown Source)
	at sun.reflect.DelegatingConstructorAccessorImpl.newInstance(Unknown Source)
	at java.lang.reflect.Constructor.newInstance(Unknown Source)
	at org.openqa.selenium.remote.ErrorHandler.createThrowable(ErrorHandler.java:206)
	at org.openqa.selenium.remote.ErrorHandler.throwIfResponseFailed(ErrorHandler.java:158)
	at org.openqa.selenium.remote.RemoteWebDriver.execute(RemoteWebDriver.java:678)
	at org.openqa.selenium.remote.RemoteWebDriver.execute(RemoteWebDriver.java:701)
	at org.openqa.selenium.remote.RemoteWebDriver$RemoteWebDriverOptions$RemoteWindow.maximize(RemoteWebDriver.java:946)
	at BaseClass.Red_InvokeBrowser.openBrowser(Red_InvokeBrowser.java:36)
	at MyTestCase.NewTest.Setup(NewTest.java:85)
	at sun.reflect.NativeMethodAccessorImpl.invoke0(Native Method)
	at sun.reflect.NativeMethodAccessorImpl.invoke(Unknown Source)
	at sun.reflect.DelegatingMethodAccessorImpl.invoke(Unknown Source)
	at java.lang.reflect.Method.invoke(Unknown Source)
	at org.testng.internal.MethodInvocationHelper.invokeMethod(MethodInvocationHelper.java:86)
	at org.testng.internal.Invoker.invokeConfigurationMethod(Invoker.java:514)
	at org.testng.internal.Invoker.invokeConfigurations(Invoker.java:215)
	at org.testng.internal.Invoker.invokeMethod(Invoker.java:589)
	at org.testng.internal.Invoker.invokeTestMethod(Invoker.java:820)
	at org.testng.internal.Invoker.invokeTestMethods(Invoker.java:1128)
	at org.testng.internal.TestMethodWorker.invokeTestMethods(TestMethodWorker.java:129)
	at org.testng.internal.TestMethodWorker.run(TestMethodWorker.java:112)
	at org.testng.TestRunner.privateRun(TestRunner.java:782)
	at org.testng.TestRunner.run(TestRunner.java:632)
	at org.testng.SuiteRunner.runTest(SuiteRunner.java:366)
	at org.testng.SuiteRunner.runSequentially(SuiteRunner.java:361)
	at org.testng.SuiteRunner.privateRun(SuiteRunner.java:319)
	at org.testng.SuiteRunner.run(SuiteRunner.java:268)
	at org.testng.SuiteRunnerWorker.runSuite(SuiteRunnerWorker.java:52)
	at org.testng.SuiteRunnerWorker.run(SuiteRunnerWorker.java:86)
	at org.testng.TestNG.runSuitesSequentially(TestNG.java:1244)
	at org.testng.TestNG.runSuitesLocally(TestNG.java:1169)
	at org.testng.TestNG.run(TestNG.java:1064)
	at org.testng.remote.AbstractRemoteTestNG.run(AbstractRemoteTestNG.java:114)
	at org.testng.remote.RemoteTestNG.initAndRun(RemoteTestNG.java:251)
	at org.testng.remote.RemoteTestNG.main(RemoteTestNG.java:77)
</pre></div><a href='#' onClick='toggleBox("stack-trace1470358122", this, "Click to show all stack frames", "Click to hide stack frames")'>Click to show all stack frames</a>
<div class='stack-trace' id='stack-trace1470358122'><pre>org.openqa.selenium.WebDriverException: session null does not exist (WARNING: The server did not provide any stacktrace information)
Command duration or timeout: 2 milliseconds
Build info: version: &apos;2.50.1&apos;, revision: &apos;d7fc91b29de65b790abb01f3ac5f7ea2191c88a7&apos;, time: &apos;2016-01-29 11:11:26&apos;
System info: host: &apos;VICKY-PC&apos;, ip: &apos;169.254.201.190&apos;, os.name: &apos;Windows 7&apos;, os.arch: &apos;amd64&apos;, os.version: &apos;6.1&apos;, java.version: &apos;1.8.0_131&apos;
Driver info: org.openqa.selenium.ie.InternetExplorerDriver
Capabilities [{capabilities={proxy={}, acceptInsecureCerts=false, browserVersion=11, se:ieOptions={nativeEvents=true, browserAttachTimeout=0, ie.ensureCleanSession=false, elementScrollBehavior=0, enablePersistentHover=true, ie.browserCommandLineSwitches=, ie.forceCreateProcessApi=false, requireWindowFocus=false, initialBrowserUrl=http://localhost:37782/, ignoreZoomSetting=false, ie.fileUploadDialogTimeout=3000, ignoreProtectedModeSettings=false}, timeouts={implicit=0, pageLoad=300000, script=30000}, browserName=internet explorer, pageLoadStrategy=normal, unhandledPromptBehavior=dismiss, platformName=windows, setWindowRect=true}, sessionId=e3208a12-33e1-4481-b1c8-7601c95e6257, platform=ANY}]
Session ID: null
	at sun.reflect.NativeConstructorAccessorImpl.newInstance0(Native Method)
	at sun.reflect.NativeConstructorAccessorImpl.newInstance(Unknown Source)
	at sun.reflect.DelegatingConstructorAccessorImpl.newInstance(Unknown Source)
	at java.lang.reflect.Constructor.newInstance(Unknown Source)
	at org.openqa.selenium.remote.ErrorHandler.createThrowable(ErrorHandler.java:206)
	at org.openqa.selenium.remote.ErrorHandler.throwIfResponseFailed(ErrorHandler.java:158)
	at org.openqa.selenium.remote.RemoteWebDriver.execute(RemoteWebDriver.java:678)
	at org.openqa.selenium.remote.RemoteWebDriver.execute(RemoteWebDriver.java:701)
	at org.openqa.selenium.remote.RemoteWebDriver$RemoteWebDriverOptions$RemoteWindow.maximize(RemoteWebDriver.java:946)
	at BaseClass.Red_InvokeBrowser.openBrowser(Red_InvokeBrowser.java:36)
	at MyTestCase.NewTest.Setup(NewTest.java:85)
	at sun.reflect.NativeMethodAccessorImpl.invoke0(Native Method)
	at sun.reflect.NativeMethodAccessorImpl.invoke(Unknown Source)
	at sun.reflect.DelegatingMethodAccessorImpl.invoke(Unknown Source)
	at java.lang.reflect.Method.invoke(Unknown Source)
	at org.testng.internal.MethodInvocationHelper.invokeMethod(MethodInvocationHelper.java:86)
	at org.testng.internal.Invoker.invokeConfigurationMethod(Invoker.java:514)
	at org.testng.internal.Invoker.invokeConfigurations(Invoker.java:215)
	at org.testng.internal.Invoker.invokeMethod(Invoker.java:589)
	at org.testng.internal.Invoker.invokeTestMethod(Invoker.java:820)
	at org.testng.internal.Invoker.invokeTestMethods(Invoker.java:1128)
	at org.testng.internal.TestMethodWorker.invokeTestMethods(TestMethodWorker.java:129)
	at org.testng.internal.TestMethodWorker.run(TestMethodWorker.java:112)
	at org.testng.TestRunner.privateRun(TestRunner.java:782)
	at org.testng.TestRunner.run(TestRunner.java:632)
	at org.testng.SuiteRunner.runTest(SuiteRunner.java:366)
	at org.testng.SuiteRunner.runSequentially(SuiteRunner.java:361)
	at org.testng.SuiteRunner.privateRun(SuiteRunner.java:319)
	at org.testng.SuiteRunner.run(SuiteRunner.java:268)
	at org.testng.SuiteRunnerWorker.runSuite(SuiteRunnerWorker.java:52)
	at org.testng.SuiteRunnerWorker.run(SuiteRunnerWorker.java:86)
	at org.testng.TestNG.runSuitesSequentially(TestNG.java:1244)
	at org.testng.TestNG.runSuitesLocally(TestNG.java:1169)
	at org.testng.TestNG.run(TestNG.java:1064)
	at org.testng.remote.AbstractRemoteTestNG.run(AbstractRemoteTestNG.java:114)
	at org.testng.remote.RemoteTestNG.initAndRun(RemoteTestNG.java:251)
	at org.testng.remote.RemoteTestNG.main(RemoteTestNG.java:77)
</pre></div></td>
<td>0</td>
<td>MyTestCase.NewTest@6a41eaa2</td></tr>
</table><p>
<table width='100%' border='1' class='invocation-skipped'>
<tr><td colspan='4' align='center'><b>SKIPPED CONFIGURATIONS</b></td></tr>
<tr><td><b>Test method</b></td>
<td width="30%"><b>Exception</b></td>
<td width="10%"><b>Time (seconds)</b></td>
<td><b>Instance</b></td>
</tr>
<tr>
<td title='MyTestCase.NewTest.Setup()'><b>Setup</b><br>Test class: MyTestCase.NewTest</td>
<td></td>
<td>0</td>
<td>MyTestCase.NewTest@6a41eaa2</td></tr>
<tr>
<td title='MyTestCase.NewTest.Setup()'><b>Setup</b><br>Test class: MyTestCase.NewTest</td>
<td></td>
<td>0</td>
<td>MyTestCase.NewTest@6a41eaa2</td></tr>
<tr>
<td title='MyTestCase.NewTest.Setup()'><b>Setup</b><br>Test class: MyTestCase.NewTest</td>
<td></td>
<td>0</td>
<td>MyTestCase.NewTest@6a41eaa2</td></tr>
<tr>
<td title='MyTestCase.NewTest.Setup()'><b>Setup</b><br>Test class: MyTestCase.NewTest</td>
<td></td>
<td>0</td>
<td>MyTestCase.NewTest@6a41eaa2</td></tr>
<tr>
<td title='MyTestCase.NewTest.Setup()'><b>Setup</b><br>Test class: MyTestCase.NewTest</td>
<td></td>
<td>0</td>
<td>MyTestCase.NewTest@6a41eaa2</td></tr>
<tr>
<td title='MyTestCase.NewTest.Setup()'><b>Setup</b><br>Test class: MyTestCase.NewTest</td>
<td></td>
<td>0</td>
<td>MyTestCase.NewTest@6a41eaa2</td></tr>
<tr>
<td title='MyTestCase.NewTest.Setup()'><b>Setup</b><br>Test class: MyTestCase.NewTest</td>
<td></td>
<td>0</td>
<td>MyTestCase.NewTest@6a41eaa2</td></tr>
<tr>
<td title='MyTestCase.NewTest.TestSucessfullReport()'><b>TestSucessfullReport</b><br>Test class: MyTestCase.NewTest</td>
<td></td>
<td>0</td>
<td>MyTestCase.NewTest@6a41eaa2</td></tr>
<tr>
<td title='MyTestCase.NewTest.TestSucessfullReport()'><b>TestSucessfullReport</b><br>Test class: MyTestCase.NewTest</td>
<td></td>
<td>0</td>
<td>MyTestCase.NewTest@6a41eaa2</td></tr>
<tr>
<td title='MyTestCase.NewTest.TestSucessfullReport()'><b>TestSucessfullReport</b><br>Test class: MyTestCase.NewTest</td>
<td></td>
<td>0</td>
<td>MyTestCase.NewTest@6a41eaa2</td></tr>
<tr>
<td title='MyTestCase.NewTest.TestSucessfullReport()'><b>TestSucessfullReport</b><br>Test class: MyTestCase.NewTest</td>
<td></td>
<td>0</td>
<td>MyTestCase.NewTest@6a41eaa2</td></tr>
<tr>
<td title='MyTestCase.NewTest.TestSucessfullReport()'><b>TestSucessfullReport</b><br>Test class: MyTestCase.NewTest</td>
<td></td>
<td>0</td>
<td>MyTestCase.NewTest@6a41eaa2</td></tr>
<tr>
<td title='MyTestCase.NewTest.TestSucessfullReport()'><b>TestSucessfullReport</b><br>Test class: MyTestCase.NewTest</td>
<td></td>
<td>0</td>
<td>MyTestCase.NewTest@6a41eaa2</td></tr>
<tr>
<td title='MyTestCase.NewTest.TestSucessfullReport()'><b>TestSucessfullReport</b><br>Test class: MyTestCase.NewTest</td>
<td></td>
<td>0</td>
<td>MyTestCase.NewTest@6a41eaa2</td></tr>
<tr>
<td title='MyTestCase.NewTest.TestSucessfullReport()'><b>TestSucessfullReport</b><br>Test class: MyTestCase.NewTest</td>
<td></td>
<td>0</td>
<td>MyTestCase.NewTest@6a41eaa2</td></tr>
<tr>
<td title='MyTestCase.NewTest.tearDown()'><b>tearDown</b><br>Test class: MyTestCase.NewTest</td>
<td></td>
<td>0</td>
<td>MyTestCase.NewTest@6a41eaa2</td></tr>
</table><p>
<table width='100%' border='1' class='invocation-skipped'>
<tr><td colspan='4' align='center'><b>SKIPPED TESTS</b></td></tr>
<tr><td><b>Test method</b></td>
<td width="30%"><b>Exception</b></td>
<td width="10%"><b>Time (seconds)</b></td>
<td><b>Instance</b></td>
</tr>
<tr>
<td title='MyTestCase.NewTest.CheckAdvancedPopup()'><b>CheckAdvancedPopup</b><br>Test class: MyTestCase.NewTest</td>
<td></td>
<td>0</td>
<td>MyTestCase.NewTest@6a41eaa2</td></tr>
<tr>
<td title='MyTestCase.NewTest.CheckClaim()'><b>CheckClaim</b><br>Test class: MyTestCase.NewTest</td>
<td></td>
<td>0</td>
<td>MyTestCase.NewTest@6a41eaa2</td></tr>
<tr>
<td title='MyTestCase.NewTest.CheckContact()'><b>CheckContact</b><br>Test class: MyTestCase.NewTest</td>
<td></td>
<td>0</td>
<td>MyTestCase.NewTest@6a41eaa2</td></tr>
<tr>
<td title='MyTestCase.NewTest.CheckFinancialSnapshot()'><b>CheckFinancialSnapshot</b><br>Test class: MyTestCase.NewTest</td>
<td></td>
<td>0</td>
<td>MyTestCase.NewTest@6a41eaa2</td></tr>
<tr>
<td title='MyTestCase.NewTest.CheckProduce()'><b>CheckProduce</b><br>Test class: MyTestCase.NewTest</td>
<td></td>
<td>0</td>
<td>MyTestCase.NewTest@6a41eaa2</td></tr>
<tr>
<td title='MyTestCase.NewTest.CheckRating()'><b>CheckRating</b><br>Test class: MyTestCase.NewTest</td>
<td></td>
<td>0</td>
<td>MyTestCase.NewTest@6a41eaa2</td></tr>
<tr>
<td title='MyTestCase.NewTest.CheckSubmit()'><b>CheckSubmit</b><br>Test class: MyTestCase.NewTest</td>
<td></td>
<td>0</td>
<td>MyTestCase.NewTest@6a41eaa2</td></tr>
<tr>
<td title='MyTestCase.NewTest.checkLogin()'><b>checkLogin</b><br>Test class: MyTestCase.NewTest</td>
<td></td>
<td>0</td>
<td>MyTestCase.NewTest@6a41eaa2</td></tr>
</table><p>
</body>
</html>