<?xml version="1.0" encoding="UTF-8"?>
<!-- Generated by org.testng.reporters.JUnitXMLReporter -->
<testsuite hostname="VICKY-PC" name="Command line test" tests="19" failures="1" timestamp="9 Jul 2018 07:38:45 GMT" time="14.056" errors="0">
  <testcase name="@BeforeMethod Setup" time="0.0" classname="MyTestCase.DemoTest">
    <failure type="org.testng.TestNGException" message="
Parameter &amp;apos;browser&amp;apos; is required by @Configuration on method Setup but has not been marked @Optional or defined
">
      <![CDATA[org.testng.TestNGException: 
Parameter 'browser' is required by @Configuration on method Setup but has not been marked @Optional or defined

... Removed 33 stack frames]]>
    </failure>
  </testcase> <!-- @BeforeMethod Setup -->
  <testcase name="@AfterMethod TestSucessfullReport" time="0.0" classname="MyTestCase.DemoTest">
    <skipped/>
  </testcase> <!-- @AfterMethod TestSucessfullReport -->
  <testcase name="@AfterMethod TestSucessfullReport" time="0.0" classname="MyTestCase.NewTest">
    <failure type="java.lang.NullPointerException">
      <![CDATA[java.lang.NullPointerException
	at MyTestCase.NewTest.TestSucessfullReport(NewTest.java:196)
... Removed 36 stack frames]]>
    </failure>
  </testcase> <!-- @AfterMethod TestSucessfullReport -->
  <testcase name="@BeforeMethod Setup" time="0.0" classname="MyTestCase.DemoTest">
    <skipped/>
  </testcase> <!-- @BeforeMethod Setup -->
  <testcase name="@AfterMethod TestSucessfullReport" time="0.0" classname="MyTestCase.DemoTest">
    <skipped/>
  </testcase> <!-- @AfterMethod TestSucessfullReport -->
  <testcase name="@BeforeMethod Setup" time="0.0" classname="MyTestCase.NewTest">
    <skipped/>
  </testcase> <!-- @BeforeMethod Setup -->
  <testcase name="@AfterMethod TestSucessfullReport" time="0.0" classname="MyTestCase.NewTest">
    <skipped/>
  </testcase> <!-- @AfterMethod TestSucessfullReport -->
  <testcase name="@BeforeMethod Setup" time="0.0" classname="MyTestCase.DemoTest">
    <skipped/>
  </testcase> <!-- @BeforeMethod Setup -->
  <testcase name="@AfterMethod TestSucessfullReport" time="0.0" classname="MyTestCase.DemoTest">
    <skipped/>
  </testcase> <!-- @AfterMethod TestSucessfullReport -->
  <testcase name="@BeforeMethod Setup" time="0.0" classname="MyTestCase.NewTest">
    <skipped/>
  </testcase> <!-- @BeforeMethod Setup -->
  <testcase name="@AfterMethod TestSucessfullReport" time="0.0" classname="MyTestCase.NewTest">
    <skipped/>
  </testcase> <!-- @AfterMethod TestSucessfullReport -->
  <testcase name="@BeforeMethod Setup" time="0.0" classname="MyTestCase.DemoTest">
    <skipped/>
  </testcase> <!-- @BeforeMethod Setup -->
  <testcase name="@AfterMethod TestSucessfullReport" time="0.0" classname="MyTestCase.DemoTest">
    <skipped/>
  </testcase> <!-- @AfterMethod TestSucessfullReport -->
  <testcase name="@BeforeMethod Setup" time="0.0" classname="MyTestCase.NewTest">
    <skipped/>
  </testcase> <!-- @BeforeMethod Setup -->
  <testcase name="@AfterMethod TestSucessfullReport" time="0.0" classname="MyTestCase.NewTest">
    <skipped/>
  </testcase> <!-- @AfterMethod TestSucessfullReport -->
  <testcase name="@BeforeMethod Setup" time="0.0" classname="MyTestCase.DemoTest">
    <skipped/>
  </testcase> <!-- @BeforeMethod Setup -->
  <testcase name="@AfterMethod TestSucessfullReport" time="0.0" classname="MyTestCase.DemoTest">
    <skipped/>
  </testcase> <!-- @AfterMethod TestSucessfullReport -->
  <testcase name="@BeforeMethod Setup" time="0.0" classname="MyTestCase.NewTest">
    <skipped/>
  </testcase> <!-- @BeforeMethod Setup -->
  <testcase name="@AfterMethod TestSucessfullReport" time="0.0" classname="MyTestCase.NewTest">
    <skipped/>
  </testcase> <!-- @AfterMethod TestSucessfullReport -->
  <testcase name="@BeforeMethod Setup" time="0.0" classname="MyTestCase.DemoTest">
    <skipped/>
  </testcase> <!-- @BeforeMethod Setup -->
  <testcase name="@AfterMethod TestSucessfullReport" time="0.0" classname="MyTestCase.DemoTest">
    <skipped/>
  </testcase> <!-- @AfterMethod TestSucessfullReport -->
  <testcase name="@BeforeMethod Setup" time="0.0" classname="MyTestCase.NewTest">
    <skipped/>
  </testcase> <!-- @BeforeMethod Setup -->
  <testcase name="@AfterMethod TestSucessfullReport" time="0.0" classname="MyTestCase.NewTest">
    <skipped/>
  </testcase> <!-- @AfterMethod TestSucessfullReport -->
  <testcase name="@BeforeMethod Setup" time="0.0" classname="MyTestCase.DemoTest">
    <skipped/>
  </testcase> <!-- @BeforeMethod Setup -->
  <testcase name="@AfterMethod TestSucessfullReport" time="0.0" classname="MyTestCase.DemoTest">
    <skipped/>
  </testcase> <!-- @AfterMethod TestSucessfullReport -->
  <testcase name="@BeforeMethod Setup" time="0.0" classname="MyTestCase.NewTest">
    <skipped/>
  </testcase> <!-- @BeforeMethod Setup -->
  <testcase name="@AfterMethod TestSucessfullReport" time="0.0" classname="MyTestCase.NewTest">
    <skipped/>
  </testcase> <!-- @AfterMethod TestSucessfullReport -->
  <testcase name="@BeforeMethod Setup" time="0.0" classname="MyTestCase.DemoTest">
    <skipped/>
  </testcase> <!-- @BeforeMethod Setup -->
  <testcase name="@AfterMethod TestSucessfullReport" time="0.0" classname="MyTestCase.DemoTest">
    <skipped/>
  </testcase> <!-- @AfterMethod TestSucessfullReport -->
  <testcase name="@BeforeMethod Setup" time="0.0" classname="MyTestCase.NewTest">
    <skipped/>
  </testcase> <!-- @BeforeMethod Setup -->
  <testcase name="@AfterMethod TestSucessfullReport" time="0.0" classname="MyTestCase.NewTest">
    <skipped/>
  </testcase> <!-- @AfterMethod TestSucessfullReport -->
  <testcase name="@BeforeMethod Setup" time="0.0" classname="MyTestCase.DemoTest">
    <skipped/>
  </testcase> <!-- @BeforeMethod Setup -->
  <testcase name="@AfterMethod TestSucessfullReport" time="0.0" classname="MyTestCase.DemoTest">
    <skipped/>
  </testcase> <!-- @AfterMethod TestSucessfullReport -->
  <testcase name="@BeforeMethod Setup" time="0.0" classname="MyTestCase.NewTest">
    <skipped/>
  </testcase> <!-- @BeforeMethod Setup -->
  <testcase name="@AfterMethod TestSucessfullReport" time="0.0" classname="MyTestCase.NewTest">
    <skipped/>
  </testcase> <!-- @AfterMethod TestSucessfullReport -->
  <testcase name="@AfterClass tearDown" time="0.0" classname="MyTestCase.NewTest">
    <skipped/>
  </testcase> <!-- @AfterClass tearDown -->
  <testcase name="@BeforeMethod Setup" time="0.0" classname="MyTestCase.DemoTest">
    <skipped/>
  </testcase> <!-- @BeforeMethod Setup -->
  <testcase name="@AfterMethod TestSucessfullReport" time="0.0" classname="MyTestCase.DemoTest">
    <skipped/>
  </testcase> <!-- @AfterMethod TestSucessfullReport -->
  <testcase name="checkLogin" time="0.007" classname="MyTestCase.DemoTest">
    <skipped/>
  </testcase> <!-- checkLogin -->
  <testcase name="checkLogin" time="2.259" classname="MyTestCase.NewTest">
    <failure type="java.lang.NullPointerException">
      <![CDATA[java.lang.NullPointerException
	at org.openqa.selenium.support.pagefactory.internal.LocatingElementHandler.invoke(LocatingElementHandler.java:51)
	at com.sun.proxy.$Proxy8.click(Unknown Source)
	at PageClass.Login_Test.UserLogin(Login_Test.java:53)
	at MyTestCase.NewTest.checkLogin(NewTest.java:101)
... Removed 38 stack frames]]>
    </failure>
  </testcase> <!-- checkLogin -->
  <testcase name="CheckPopUp" time="0.0" classname="MyTestCase.DemoTest">
    <skipped/>
  </testcase> <!-- CheckPopUp -->
  <testcase name="CheckPopUp" time="0.0" classname="MyTestCase.NewTest">
    <skipped/>
  </testcase> <!-- CheckPopUp -->
  <testcase name="CheckClaim" time="0.0" classname="MyTestCase.DemoTest">
    <skipped/>
  </testcase> <!-- CheckClaim -->
  <testcase name="CheckClaim" time="0.001" classname="MyTestCase.NewTest">
    <skipped/>
  </testcase> <!-- CheckClaim -->
  <testcase name="CheckRating" time="0.0" classname="MyTestCase.DemoTest">
    <skipped/>
  </testcase> <!-- CheckRating -->
  <testcase name="CheckRating" time="0.0" classname="MyTestCase.NewTest">
    <skipped/>
  </testcase> <!-- CheckRating -->
  <testcase name="CheckFinancialSnapshot" time="0.0" classname="MyTestCase.DemoTest">
    <skipped/>
  </testcase> <!-- CheckFinancialSnapshot -->
  <testcase name="CheckFinancialSnapshot" time="0.0" classname="MyTestCase.NewTest">
    <skipped/>
  </testcase> <!-- CheckFinancialSnapshot -->
  <testcase name="CheckAdvancedPopup" time="0.0" classname="MyTestCase.DemoTest">
    <skipped/>
  </testcase> <!-- CheckAdvancedPopup -->
  <testcase name="CheckAdvancedPopup" time="0.0" classname="MyTestCase.NewTest">
    <skipped/>
  </testcase> <!-- CheckAdvancedPopup -->
  <testcase name="CheckContact" time="0.0" classname="MyTestCase.DemoTest">
    <skipped/>
  </testcase> <!-- CheckContact -->
  <testcase name="CheckContact" time="0.0" classname="MyTestCase.NewTest">
    <skipped/>
  </testcase> <!-- CheckContact -->
  <testcase name="CheckSubmit" time="0.0" classname="MyTestCase.DemoTest">
    <skipped/>
  </testcase> <!-- CheckSubmit -->
  <testcase name="CheckSubmit" time="0.0" classname="MyTestCase.NewTest">
    <skipped/>
  </testcase> <!-- CheckSubmit -->
  <testcase name="CheckEndorse" time="0.001" classname="MyTestCase.DemoTest">
    <skipped/>
  </testcase> <!-- CheckEndorse -->
  <testcase name="CheckEndorse" time="0.001" classname="MyTestCase.NewTest">
    <skipped/>
  </testcase> <!-- CheckEndorse -->
  <testcase name="CheckProduce" time="0.0" classname="MyTestCase.DemoTest">
    <skipped/>
  </testcase> <!-- CheckProduce -->
</testsuite> <!-- Command line test -->
