<?xml version="1.0" encoding="UTF-8"?>
<!-- Generated by org.testng.reporters.JUnitXMLReporter -->
<testsuite hostname="VICKY-PC" name="Test" tests="9" failures="0" timestamp="9 Jul 2018 10:09:04 GMT" time="20.476" errors="0">
  <testcase name="@AfterMethod TestSucessfullReport" time="0.0" classname="MyTestCase.NewTest">
    <failure type="org.openqa.selenium.remote.UnreachableBrowserException" message="Error communicating with the remote browser. It may have died.
Build info: version: &amp;apos;2.50.1&amp;apos;, revision: &amp;apos;d7fc91b29de65b790abb01f3ac5f7ea2191c88a7&amp;apos;, time: &amp;apos;2016-01-29 11:11:26&amp;apos;
System info: host: &amp;apos;VICKY-PC&amp;apos;, ip: &amp;apos;192.168.1.18&amp;apos;, os.name: &amp;apos;Windows 7&amp;apos;, os.arch: &amp;apos;amd64&amp;apos;, os.version: &amp;apos;6.1&amp;apos;, java.version: &amp;apos;1.8.0_131&amp;apos;
Driver info: driver.version: RemoteWebDriver
Capabilities [{applicationCacheEnabled=false, rotatable=false, mobileEmulationEnabled=false, networkConnectionEnabled=false, chrome={chromedriverVersion=2.35.528161 (5b82f2d2aae0ca24b877009200ced9065a772e73), userDataDir=C:\Users\VICKY\AppData\Local\Temp\scoped_dir10332_21784}, takesHeapSnapshot=true, pageLoadStrategy=normal, databaseEnabled=false, handlesAlerts=true, hasTouchScreen=false, version=67.0.3396.99, platform=XP, browserConnectionEnabled=false, nativeEvents=true, acceptSslCerts=false, acceptInsecureCerts=false, locationContextEnabled=true, webStorageEnabled=true, browserName=chrome, takesScreenshot=true, javascriptEnabled=true, cssSelectorsEnabled=true, setWindowRect=true, unexpectedAlertBehaviour=}]
Session ID: b5243a0b9a4ce057986bc846e648939e">
      <![CDATA[org.openqa.selenium.remote.UnreachableBrowserException: Error communicating with the remote browser. It may have died.
Build info: version: '2.50.1', revision: 'd7fc91b29de65b790abb01f3ac5f7ea2191c88a7', time: '2016-01-29 11:11:26'
System info: host: 'VICKY-PC', ip: '192.168.1.18', os.name: 'Windows 7', os.arch: 'amd64', os.version: '6.1', java.version: '1.8.0_131'
Driver info: driver.version: RemoteWebDriver
Capabilities [{applicationCacheEnabled=false, rotatable=false, mobileEmulationEnabled=false, networkConnectionEnabled=false, chrome={chromedriverVersion=2.35.528161 (5b82f2d2aae0ca24b877009200ced9065a772e73), userDataDir=C:\Users\VICKY\AppData\Local\Temp\scoped_dir10332_21784}, takesHeapSnapshot=true, pageLoadStrategy=normal, databaseEnabled=false, handlesAlerts=true, hasTouchScreen=false, version=67.0.3396.99, platform=XP, browserConnectionEnabled=false, nativeEvents=true, acceptSslCerts=false, acceptInsecureCerts=false, locationContextEnabled=true, webStorageEnabled=true, browserName=chrome, takesScreenshot=true, javascriptEnabled=true, cssSelectorsEnabled=true, setWindowRect=true, unexpectedAlertBehaviour=}]
Session ID: b5243a0b9a4ce057986bc846e648939e
	at org.openqa.selenium.remote.RemoteWebDriver.execute(RemoteWebDriver.java:665)
	at org.openqa.selenium.remote.RemoteWebDriver.execute(RemoteWebDriver.java:701)
	at org.openqa.selenium.remote.RemoteWebDriver.quit(RemoteWebDriver.java:526)
	at MyTestCase.NewTest.TestSucessfullReport(NewTest.java:201)
Caused by: java.lang.RuntimeException: Process refused to die after 10 seconds, and couldn't taskkill it: Unable to find executable for: taskkill
	at org.openqa.selenium.os.ProcessUtils.killWinProcess(ProcessUtils.java:143)
	at org.openqa.selenium.os.ProcessUtils.killProcess(ProcessUtils.java:81)
	at org.openqa.selenium.os.UnixProcess$SeleniumWatchDog.destroyHarder(UnixProcess.java:247)
	at org.openqa.selenium.os.UnixProcess$SeleniumWatchDog.access$200(UnixProcess.java:201)
	at org.openqa.selenium.os.UnixProcess.destroy(UnixProcess.java:125)
	at org.openqa.selenium.os.CommandLine.destroy(CommandLine.java:155)
	at org.openqa.selenium.remote.service.DriverService.stop(DriverService.java:196)
	at org.openqa.selenium.remote.service.DriverCommandExecutor.execute(DriverCommandExecutor.java:94)
	at org.openqa.selenium.remote.RemoteWebDriver.execute(RemoteWebDriver.java:644)
	... 32 more
Caused by: java.lang.NullPointerException: Unable to find executable for: taskkill
	at com.google.common.base.Preconditions.checkNotNull(Preconditions.java:251)
	at org.openqa.selenium.os.UnixProcess.<init>(UnixProcess.java:62)
	at org.openqa.selenium.os.CommandLine.<init>(CommandLine.java:38)
	at org.openqa.selenium.os.WindowsUtils.killPID(WindowsUtils.java:178)
	at org.openqa.selenium.os.ProcessUtils.killWinProcess(ProcessUtils.java:138)
	... 40 more
... Removed 29 stack frames]]>
    </failure>
  </testcase> <!-- @AfterMethod TestSucessfullReport -->
  <testcase name="@BeforeMethod Setup" time="0.0" classname="MyTestCase.NewTest">
    <skipped/>
  </testcase> <!-- @BeforeMethod Setup -->
  <testcase name="@AfterMethod TestSucessfullReport" time="0.0" classname="MyTestCase.NewTest">
    <skipped/>
  </testcase> <!-- @AfterMethod TestSucessfullReport -->
  <testcase name="@BeforeMethod Setup" time="0.0" classname="MyTestCase.NewTest">
    <skipped/>
  </testcase> <!-- @BeforeMethod Setup -->
  <testcase name="@AfterMethod TestSucessfullReport" time="0.0" classname="MyTestCase.NewTest">
    <skipped/>
  </testcase> <!-- @AfterMethod TestSucessfullReport -->
  <testcase name="@BeforeMethod Setup" time="0.0" classname="MyTestCase.NewTest">
    <skipped/>
  </testcase> <!-- @BeforeMethod Setup -->
  <testcase name="@AfterMethod TestSucessfullReport" time="0.0" classname="MyTestCase.NewTest">
    <skipped/>
  </testcase> <!-- @AfterMethod TestSucessfullReport -->
  <testcase name="@BeforeMethod Setup" time="0.0" classname="MyTestCase.NewTest">
    <skipped/>
  </testcase> <!-- @BeforeMethod Setup -->
  <testcase name="@AfterMethod TestSucessfullReport" time="0.0" classname="MyTestCase.NewTest">
    <skipped/>
  </testcase> <!-- @AfterMethod TestSucessfullReport -->
  <testcase name="@BeforeMethod Setup" time="0.0" classname="MyTestCase.NewTest">
    <skipped/>
  </testcase> <!-- @BeforeMethod Setup -->
  <testcase name="@AfterMethod TestSucessfullReport" time="0.0" classname="MyTestCase.NewTest">
    <skipped/>
  </testcase> <!-- @AfterMethod TestSucessfullReport -->
  <testcase name="@BeforeMethod Setup" time="0.0" classname="MyTestCase.NewTest">
    <skipped/>
  </testcase> <!-- @BeforeMethod Setup -->
  <testcase name="@AfterMethod TestSucessfullReport" time="0.0" classname="MyTestCase.NewTest">
    <skipped/>
  </testcase> <!-- @AfterMethod TestSucessfullReport -->
  <testcase name="@BeforeMethod Setup" time="0.0" classname="MyTestCase.NewTest">
    <skipped/>
  </testcase> <!-- @BeforeMethod Setup -->
  <testcase name="@AfterMethod TestSucessfullReport" time="0.0" classname="MyTestCase.NewTest">
    <skipped/>
  </testcase> <!-- @AfterMethod TestSucessfullReport -->
  <testcase name="@BeforeMethod Setup" time="0.0" classname="MyTestCase.NewTest">
    <skipped/>
  </testcase> <!-- @BeforeMethod Setup -->
  <testcase name="@AfterMethod TestSucessfullReport" time="0.0" classname="MyTestCase.NewTest">
    <skipped/>
  </testcase> <!-- @AfterMethod TestSucessfullReport -->
  <testcase name="@AfterClass tearDown" time="0.0" classname="MyTestCase.NewTest">
    <skipped/>
  </testcase> <!-- @AfterClass tearDown -->
  <testcase name="checkLogin" time="13.195" classname="MyTestCase.NewTest"/>
  <testcase name="CheckPopUp" time="0.001" classname="MyTestCase.NewTest">
    <skipped/>
  </testcase> <!-- CheckPopUp -->
  <testcase name="CheckClaim" time="0.001" classname="MyTestCase.NewTest">
    <skipped/>
  </testcase> <!-- CheckClaim -->
  <testcase name="CheckRating" time="0.001" classname="MyTestCase.NewTest">
    <skipped/>
  </testcase> <!-- CheckRating -->
  <testcase name="CheckFinancialSnapshot" time="0.0" classname="MyTestCase.NewTest">
    <skipped/>
  </testcase> <!-- CheckFinancialSnapshot -->
  <testcase name="CheckAdvancedPopup" time="0.001" classname="MyTestCase.NewTest">
    <skipped/>
  </testcase> <!-- CheckAdvancedPopup -->
  <testcase name="CheckContact" time="0.001" classname="MyTestCase.NewTest">
    <skipped/>
  </testcase> <!-- CheckContact -->
  <testcase name="CheckSubmit" time="0.0" classname="MyTestCase.NewTest">
    <skipped/>
  </testcase> <!-- CheckSubmit -->
  <testcase name="CheckEndorse" time="0.001" classname="MyTestCase.NewTest">
    <skipped/>
  </testcase> <!-- CheckEndorse -->
</testsuite> <!-- Test -->
