<html>
<head>
<title>TestNG:  Test</title>
<link href="../testng.css" rel="stylesheet" type="text/css" />
<link href="../my-testng.css" rel="stylesheet" type="text/css" />

<style type="text/css">
.log { display: none;} 
.stack-trace { display: none;} 
</style>
<script type="text/javascript">
<!--
function flip(e) {
  current = e.style.display;
  if (current == 'block') {
    e.style.display = 'none';
    return 0;
  }
  else {
    e.style.display = 'block';
    return 1;
  }
}

function toggleBox(szDivId, elem, msg1, msg2)
{
  var res = -1;  if (document.getElementById) {
    res = flip(document.getElementById(szDivId));
  }
  else if (document.all) {
    // this is the way old msie versions work
    res = flip(document.all[szDivId]);
  }
  if(elem) {
    if(res == 0) elem.innerHTML = msg1; else elem.innerHTML = msg2;
  }

}

function toggleAllBoxes() {
  if (document.getElementsByTagName) {
    d = document.getElementsByTagName('div');
    for (i = 0; i < d.length; i++) {
      if (d[i].className == 'log') {
        flip(d[i]);
      }
    }
  }
}

// -->
</script>

</head>
<body>
<h2 align='center'>Test</h2><table border='1' align="center">
<tr>
<td>Tests passed/Failed/Skipped:</td><td>1/0/8</td>
</tr><tr>
<td>Started on:</td><td>Mon Jul 09 15:38:44 IST 2018</td>
</tr>
<tr><td>Total time:</td><td>20 seconds (20476 ms)</td>
</tr><tr>
<td>Included groups:</td><td></td>
</tr><tr>
<td>Excluded groups:</td><td></td>
</tr>
</table><p/>
<small><i>(Hover the method name to see the test class name)</i></small><p/>
<table width='100%' border='1' class='invocation-failed'>
<tr><td colspan='4' align='center'><b>FAILED CONFIGURATIONS</b></td></tr>
<tr><td><b>Test method</b></td>
<td width="30%"><b>Exception</b></td>
<td width="10%"><b>Time (seconds)</b></td>
<td><b>Instance</b></td>
</tr>
<tr>
<td title='MyTestCase.NewTest.TestSucessfullReport()'><b>TestSucessfullReport</b><br>Test class: MyTestCase.NewTest<br>Parameters: [TestResult name=checkLogin status=SUCCESS method=NewTest.checkLogin()[pri:1, instance:MyTestCase.NewTest@174d20a] output={null}]</td>
<td><div><pre>org.openqa.selenium.remote.UnreachableBrowserException: Error communicating with the remote browser. It may have died.
Build info: version: &apos;2.50.1&apos;, revision: &apos;d7fc91b29de65b790abb01f3ac5f7ea2191c88a7&apos;, time: &apos;2016-01-29 11:11:26&apos;
System info: host: &apos;VICKY-PC&apos;, ip: &apos;192.168.1.18&apos;, os.name: &apos;Windows 7&apos;, os.arch: &apos;amd64&apos;, os.version: &apos;6.1&apos;, java.version: &apos;1.8.0_131&apos;
Driver info: driver.version: RemoteWebDriver
Capabilities [{applicationCacheEnabled=false, rotatable=false, mobileEmulationEnabled=false, networkConnectionEnabled=false, chrome={chromedriverVersion=2.35.528161 (5b82f2d2aae0ca24b877009200ced9065a772e73), userDataDir=C:\Users\VICKY\AppData\Local\Temp\scoped_dir10332_21784}, takesHeapSnapshot=true, pageLoadStrategy=normal, databaseEnabled=false, handlesAlerts=true, hasTouchScreen=false, version=67.0.3396.99, platform=XP, browserConnectionEnabled=false, nativeEvents=true, acceptSslCerts=false, acceptInsecureCerts=false, locationContextEnabled=true, webStorageEnabled=true, browserName=chrome, takesScreenshot=true, javascriptEnabled=true, cssSelectorsEnabled=true, setWindowRect=true, unexpectedAlertBehaviour=}]
Session ID: b5243a0b9a4ce057986bc846e648939e
	at org.openqa.selenium.remote.RemoteWebDriver.execute(RemoteWebDriver.java:665)
	at org.openqa.selenium.remote.RemoteWebDriver.execute(RemoteWebDriver.java:701)
	at org.openqa.selenium.remote.RemoteWebDriver.quit(RemoteWebDriver.java:526)
	at MyTestCase.NewTest.TestSucessfullReport(NewTest.java:201)
Caused by: java.lang.RuntimeException: Process refused to die after 10 seconds, and couldn&apos;t taskkill it: Unable to find executable for: taskkill
	at org.openqa.selenium.os.ProcessUtils.killWinProcess(ProcessUtils.java:143)
	at org.openqa.selenium.os.ProcessUtils.killProcess(ProcessUtils.java:81)
	at org.openqa.selenium.os.UnixProcess$SeleniumWatchDog.destroyHarder(UnixProcess.java:247)
	at org.openqa.selenium.os.UnixProcess$SeleniumWatchDog.access$200(UnixProcess.java:201)
	at org.openqa.selenium.os.UnixProcess.destroy(UnixProcess.java:125)
	at org.openqa.selenium.os.CommandLine.destroy(CommandLine.java:155)
	at org.openqa.selenium.remote.service.DriverService.stop(DriverService.java:196)
	at org.openqa.selenium.remote.service.DriverCommandExecutor.execute(DriverCommandExecutor.java:94)
	at org.openqa.selenium.remote.RemoteWebDriver.execute(RemoteWebDriver.java:644)
	... 32 more
Caused by: java.lang.NullPointerException: Unable to find executable for: taskkill
	at com.google.common.base.Preconditions.checkNotNull(Preconditions.java:251)
	at org.openqa.selenium.os.UnixProcess.&lt;init&gt;(UnixProcess.java:62)
	at org.openqa.selenium.os.CommandLine.&lt;init&gt;(CommandLine.java:38)
	at org.openqa.selenium.os.WindowsUtils.killPID(WindowsUtils.java:178)
	at org.openqa.selenium.os.ProcessUtils.killWinProcess(ProcessUtils.java:138)
	... 40 more
... Removed 29 stack frames</pre></div><a href='#' onClick='toggleBox("stack-trace1419064126", this, "Click to show all stack frames", "Click to hide stack frames")'>Click to show all stack frames</a>
<div class='stack-trace' id='stack-trace1419064126'><pre>org.openqa.selenium.remote.UnreachableBrowserException: Error communicating with the remote browser. It may have died.
Build info: version: &apos;2.50.1&apos;, revision: &apos;d7fc91b29de65b790abb01f3ac5f7ea2191c88a7&apos;, time: &apos;2016-01-29 11:11:26&apos;
System info: host: &apos;VICKY-PC&apos;, ip: &apos;192.168.1.18&apos;, os.name: &apos;Windows 7&apos;, os.arch: &apos;amd64&apos;, os.version: &apos;6.1&apos;, java.version: &apos;1.8.0_131&apos;
Driver info: driver.version: RemoteWebDriver
Capabilities [{applicationCacheEnabled=false, rotatable=false, mobileEmulationEnabled=false, networkConnectionEnabled=false, chrome={chromedriverVersion=2.35.528161 (5b82f2d2aae0ca24b877009200ced9065a772e73), userDataDir=C:\Users\VICKY\AppData\Local\Temp\scoped_dir10332_21784}, takesHeapSnapshot=true, pageLoadStrategy=normal, databaseEnabled=false, handlesAlerts=true, hasTouchScreen=false, version=67.0.3396.99, platform=XP, browserConnectionEnabled=false, nativeEvents=true, acceptSslCerts=false, acceptInsecureCerts=false, locationContextEnabled=true, webStorageEnabled=true, browserName=chrome, takesScreenshot=true, javascriptEnabled=true, cssSelectorsEnabled=true, setWindowRect=true, unexpectedAlertBehaviour=}]
Session ID: b5243a0b9a4ce057986bc846e648939e
	at org.openqa.selenium.remote.RemoteWebDriver.execute(RemoteWebDriver.java:665)
	at org.openqa.selenium.remote.RemoteWebDriver.execute(RemoteWebDriver.java:701)
	at org.openqa.selenium.remote.RemoteWebDriver.quit(RemoteWebDriver.java:526)
	at MyTestCase.NewTest.TestSucessfullReport(NewTest.java:201)
	at sun.reflect.NativeMethodAccessorImpl.invoke0(Native Method)
	at sun.reflect.NativeMethodAccessorImpl.invoke(NativeMethodAccessorImpl.java:62)
	at sun.reflect.DelegatingMethodAccessorImpl.invoke(DelegatingMethodAccessorImpl.java:43)
	at java.lang.reflect.Method.invoke(Method.java:498)
	at org.testng.internal.MethodInvocationHelper.invokeMethod(MethodInvocationHelper.java:86)
	at org.testng.internal.Invoker.invokeConfigurationMethod(Invoker.java:514)
	at org.testng.internal.Invoker.invokeConfigurations(Invoker.java:215)
	at org.testng.internal.Invoker.invokeMethod(Invoker.java:707)
	at org.testng.internal.Invoker.invokeTestMethod(Invoker.java:820)
	at org.testng.internal.Invoker.invokeTestMethods(Invoker.java:1128)
	at org.testng.internal.TestMethodWorker.invokeTestMethods(TestMethodWorker.java:129)
	at org.testng.internal.TestMethodWorker.run(TestMethodWorker.java:112)
	at org.testng.TestRunner.privateRun(TestRunner.java:782)
	at org.testng.TestRunner.run(TestRunner.java:632)
	at org.testng.SuiteRunner.runTest(SuiteRunner.java:366)
	at org.testng.SuiteRunner.runSequentially(SuiteRunner.java:361)
	at org.testng.SuiteRunner.privateRun(SuiteRunner.java:319)
	at org.testng.SuiteRunner.run(SuiteRunner.java:268)
	at org.testng.SuiteRunnerWorker.runSuite(SuiteRunnerWorker.java:52)
	at org.testng.SuiteRunnerWorker.run(SuiteRunnerWorker.java:86)
	at org.testng.TestNG.runSuitesSequentially(TestNG.java:1244)
	at org.testng.TestNG.runSuitesLocally(TestNG.java:1169)
	at org.testng.TestNG.run(TestNG.java:1064)
	at org.apache.maven.surefire.testng.TestNGExecutor.run(TestNGExecutor.java:283)
	at org.apache.maven.surefire.testng.TestNGXmlTestSuite.execute(TestNGXmlTestSuite.java:75)
	at org.apache.maven.surefire.testng.TestNGProvider.invoke(TestNGProvider.java:120)
	at org.apache.maven.surefire.booter.ForkedBooter.invokeProviderInSameClassLoader(ForkedBooter.java:386)
	at org.apache.maven.surefire.booter.ForkedBooter.runSuitesInProcess(ForkedBooter.java:323)
	at org.apache.maven.surefire.booter.ForkedBooter.main(ForkedBooter.java:143)
Caused by: java.lang.RuntimeException: Process refused to die after 10 seconds, and couldn&apos;t taskkill it: Unable to find executable for: taskkill
	at org.openqa.selenium.os.ProcessUtils.killWinProcess(ProcessUtils.java:143)
	at org.openqa.selenium.os.ProcessUtils.killProcess(ProcessUtils.java:81)
	at org.openqa.selenium.os.UnixProcess$SeleniumWatchDog.destroyHarder(UnixProcess.java:247)
	at org.openqa.selenium.os.UnixProcess$SeleniumWatchDog.access$200(UnixProcess.java:201)
	at org.openqa.selenium.os.UnixProcess.destroy(UnixProcess.java:125)
	at org.openqa.selenium.os.CommandLine.destroy(CommandLine.java:155)
	at org.openqa.selenium.remote.service.DriverService.stop(DriverService.java:196)
	at org.openqa.selenium.remote.service.DriverCommandExecutor.execute(DriverCommandExecutor.java:94)
	at org.openqa.selenium.remote.RemoteWebDriver.execute(RemoteWebDriver.java:644)
	... 32 more
Caused by: java.lang.NullPointerException: Unable to find executable for: taskkill
	at com.google.common.base.Preconditions.checkNotNull(Preconditions.java:251)
	at org.openqa.selenium.os.UnixProcess.&lt;init&gt;(UnixProcess.java:62)
	at org.openqa.selenium.os.CommandLine.&lt;init&gt;(CommandLine.java:38)
	at org.openqa.selenium.os.WindowsUtils.killPID(WindowsUtils.java:178)
	at org.openqa.selenium.os.ProcessUtils.killWinProcess(ProcessUtils.java:138)
	... 40 more
</pre></div></td>
<td>0</td>
<td>MyTestCase.NewTest@174d20a</td></tr>
</table><p>
<table width='100%' border='1' class='invocation-skipped'>
<tr><td colspan='4' align='center'><b>SKIPPED CONFIGURATIONS</b></td></tr>
<tr><td><b>Test method</b></td>
<td width="30%"><b>Exception</b></td>
<td width="10%"><b>Time (seconds)</b></td>
<td><b>Instance</b></td>
</tr>
<tr>
<td title='MyTestCase.NewTest.Setup()'><b>Setup</b><br>Test class: MyTestCase.NewTest</td>
<td></td>
<td>0</td>
<td>MyTestCase.NewTest@174d20a</td></tr>
<tr>
<td title='MyTestCase.NewTest.Setup()'><b>Setup</b><br>Test class: MyTestCase.NewTest</td>
<td></td>
<td>0</td>
<td>MyTestCase.NewTest@174d20a</td></tr>
<tr>
<td title='MyTestCase.NewTest.Setup()'><b>Setup</b><br>Test class: MyTestCase.NewTest</td>
<td></td>
<td>0</td>
<td>MyTestCase.NewTest@174d20a</td></tr>
<tr>
<td title='MyTestCase.NewTest.Setup()'><b>Setup</b><br>Test class: MyTestCase.NewTest</td>
<td></td>
<td>0</td>
<td>MyTestCase.NewTest@174d20a</td></tr>
<tr>
<td title='MyTestCase.NewTest.Setup()'><b>Setup</b><br>Test class: MyTestCase.NewTest</td>
<td></td>
<td>0</td>
<td>MyTestCase.NewTest@174d20a</td></tr>
<tr>
<td title='MyTestCase.NewTest.Setup()'><b>Setup</b><br>Test class: MyTestCase.NewTest</td>
<td></td>
<td>0</td>
<td>MyTestCase.NewTest@174d20a</td></tr>
<tr>
<td title='MyTestCase.NewTest.Setup()'><b>Setup</b><br>Test class: MyTestCase.NewTest</td>
<td></td>
<td>0</td>
<td>MyTestCase.NewTest@174d20a</td></tr>
<tr>
<td title='MyTestCase.NewTest.Setup()'><b>Setup</b><br>Test class: MyTestCase.NewTest</td>
<td></td>
<td>0</td>
<td>MyTestCase.NewTest@174d20a</td></tr>
<tr>
<td title='MyTestCase.NewTest.TestSucessfullReport()'><b>TestSucessfullReport</b><br>Test class: MyTestCase.NewTest</td>
<td></td>
<td>0</td>
<td>MyTestCase.NewTest@174d20a</td></tr>
<tr>
<td title='MyTestCase.NewTest.TestSucessfullReport()'><b>TestSucessfullReport</b><br>Test class: MyTestCase.NewTest</td>
<td></td>
<td>0</td>
<td>MyTestCase.NewTest@174d20a</td></tr>
<tr>
<td title='MyTestCase.NewTest.TestSucessfullReport()'><b>TestSucessfullReport</b><br>Test class: MyTestCase.NewTest</td>
<td></td>
<td>0</td>
<td>MyTestCase.NewTest@174d20a</td></tr>
<tr>
<td title='MyTestCase.NewTest.TestSucessfullReport()'><b>TestSucessfullReport</b><br>Test class: MyTestCase.NewTest</td>
<td></td>
<td>0</td>
<td>MyTestCase.NewTest@174d20a</td></tr>
<tr>
<td title='MyTestCase.NewTest.TestSucessfullReport()'><b>TestSucessfullReport</b><br>Test class: MyTestCase.NewTest</td>
<td></td>
<td>0</td>
<td>MyTestCase.NewTest@174d20a</td></tr>
<tr>
<td title='MyTestCase.NewTest.TestSucessfullReport()'><b>TestSucessfullReport</b><br>Test class: MyTestCase.NewTest</td>
<td></td>
<td>0</td>
<td>MyTestCase.NewTest@174d20a</td></tr>
<tr>
<td title='MyTestCase.NewTest.TestSucessfullReport()'><b>TestSucessfullReport</b><br>Test class: MyTestCase.NewTest</td>
<td></td>
<td>0</td>
<td>MyTestCase.NewTest@174d20a</td></tr>
<tr>
<td title='MyTestCase.NewTest.TestSucessfullReport()'><b>TestSucessfullReport</b><br>Test class: MyTestCase.NewTest</td>
<td></td>
<td>0</td>
<td>MyTestCase.NewTest@174d20a</td></tr>
<tr>
<td title='MyTestCase.NewTest.tearDown()'><b>tearDown</b><br>Test class: MyTestCase.NewTest</td>
<td></td>
<td>0</td>
<td>MyTestCase.NewTest@174d20a</td></tr>
</table><p>
<table width='100%' border='1' class='invocation-passed'>
<tr><td colspan='4' align='center'><b>PASSED TESTS</b></td></tr>
<tr><td><b>Test method</b></td>
<td width="30%"><b>Exception</b></td>
<td width="10%"><b>Time (seconds)</b></td>
<td><b>Instance</b></td>
</tr>
<tr>
<td title='MyTestCase.NewTest.checkLogin()'><b>checkLogin</b><br>Test class: MyTestCase.NewTest</td>
<td></td>
<td>13</td>
<td>MyTestCase.NewTest@174d20a</td></tr>
</table><p>
<table width='100%' border='1' class='invocation-skipped'>
<tr><td colspan='4' align='center'><b>SKIPPED TESTS</b></td></tr>
<tr><td><b>Test method</b></td>
<td width="30%"><b>Exception</b></td>
<td width="10%"><b>Time (seconds)</b></td>
<td><b>Instance</b></td>
</tr>
<tr>
<td title='MyTestCase.NewTest.CheckAdvancedPopup()'><b>CheckAdvancedPopup</b><br>Test class: MyTestCase.NewTest</td>
<td></td>
<td>0</td>
<td>MyTestCase.NewTest@174d20a</td></tr>
<tr>
<td title='MyTestCase.NewTest.CheckClaim()'><b>CheckClaim</b><br>Test class: MyTestCase.NewTest</td>
<td></td>
<td>0</td>
<td>MyTestCase.NewTest@174d20a</td></tr>
<tr>
<td title='MyTestCase.NewTest.CheckContact()'><b>CheckContact</b><br>Test class: MyTestCase.NewTest</td>
<td></td>
<td>0</td>
<td>MyTestCase.NewTest@174d20a</td></tr>
<tr>
<td title='MyTestCase.NewTest.CheckEndorse()'><b>CheckEndorse</b><br>Test class: MyTestCase.NewTest</td>
<td></td>
<td>0</td>
<td>MyTestCase.NewTest@174d20a</td></tr>
<tr>
<td title='MyTestCase.NewTest.CheckFinancialSnapshot()'><b>CheckFinancialSnapshot</b><br>Test class: MyTestCase.NewTest</td>
<td></td>
<td>0</td>
<td>MyTestCase.NewTest@174d20a</td></tr>
<tr>
<td title='MyTestCase.NewTest.CheckPopUp()'><b>CheckPopUp</b><br>Test class: MyTestCase.NewTest</td>
<td></td>
<td>0</td>
<td>MyTestCase.NewTest@174d20a</td></tr>
<tr>
<td title='MyTestCase.NewTest.CheckRating()'><b>CheckRating</b><br>Test class: MyTestCase.NewTest</td>
<td></td>
<td>0</td>
<td>MyTestCase.NewTest@174d20a</td></tr>
<tr>
<td title='MyTestCase.NewTest.CheckSubmit()'><b>CheckSubmit</b><br>Test class: MyTestCase.NewTest</td>
<td></td>
<td>0</td>
<td>MyTestCase.NewTest@174d20a</td></tr>
</table><p>
</body>
</html>