<!DOCTYPE html PUBLIC "-//W3C//DTD XHTML 1.1//EN" "http://www.w3.org/TR/xhtml11/DTD/xhtml11.dtd">
<html xmlns="http://www.w3.org/1999/xhtml"><head><title>TestNG Report</title><style type="text/css">table {margin-bottom:10px;border-collapse:collapse;empty-cells:show}th,td {border:1px solid #009;padding:.25em .5em}th {vertical-align:bottom}td {vertical-align:top}table a {font-weight:bold}.stripe td {background-color: #E6EBF9}.num {text-align:right}.passedodd td {background-color: #3F3}.passedeven td {background-color: #0A0}.skippedodd td {background-color: #DDD}.skippedeven td {background-color: #CCC}.failedodd td,.attn {background-color: #F33}.failedeven td,.stripe .attn {background-color: #D00}.stacktrace {white-space:pre;font-family:monospace}.totop {font-size:85%;text-align:center;border-bottom:2px solid #000}</style></head><body><table><tr><th>Test</th><th># Passed</th><th># Skipped</th><th># Failed</th><th>Time (ms)</th><th>Included Groups</th><th>Excluded Groups</th></tr><tr><th colspan="7">Suite</th></tr><tr><td><a href="#t0">Test</a></td><td class="num">1</td><td class="num attn">8</td><td class="num">0</td><td class="num">20,476</td><td></td><td></td></tr></table><table><thead><tr><th>Class</th><th>Method</th><th>Start</th><th>Time (ms)</th></tr></thead><tbody><tr><th colspan="4">Suite</th></tr></tbody><tbody id="t0"><tr><th colspan="4">Test &#8212; failed (configuration methods)</th></tr><tr class="failedeven"><td rowspan="1">MyTestCase.NewTest</td><td><a href="#m0">TestSucessfullReport</a></td><td rowspan="1">1531130943802</td><td rowspan="1">0</td></tr><tr><th colspan="4">Test &#8212; skipped (configuration methods)</th></tr><tr class="skippedeven"><td rowspan="17">MyTestCase.NewTest</td><td><a href="#m1">Setup</a></td><td rowspan="8">1531130944504</td><td rowspan="8">0</td></tr><tr class="skippedeven"><td><a href="#m2">Setup</a></td></tr><tr class="skippedeven"><td><a href="#m3">Setup</a></td></tr><tr class="skippedeven"><td><a href="#m4">Setup</a></td></tr><tr class="skippedeven"><td><a href="#m5">Setup</a></td></tr><tr class="skippedeven"><td><a href="#m6">Setup</a></td></tr><tr class="skippedeven"><td><a href="#m7">Setup</a></td></tr><tr class="skippedeven"><td><a href="#m8">Setup</a></td></tr><tr class="skippedeven"><td><a href="#m9">TestSucessfullReport</a></td><td rowspan="8">1531130944503</td><td rowspan="8">0</td></tr><tr class="skippedeven"><td><a href="#m10">TestSucessfullReport</a></td></tr><tr class="skippedeven"><td><a href="#m11">TestSucessfullReport</a></td></tr><tr class="skippedeven"><td><a href="#m12">TestSucessfullReport</a></td></tr><tr class="skippedeven"><td><a href="#m13">TestSucessfullReport</a></td></tr><tr class="skippedeven"><td><a href="#m14">TestSucessfullReport</a></td></tr><tr class="skippedeven"><td><a href="#m15">TestSucessfullReport</a></td></tr><tr class="skippedeven"><td><a href="#m16">TestSucessfullReport</a></td></tr><tr class="skippedeven"><td><a href="#m17">tearDown</a></td><td rowspan="1">1531130944520</td><td rowspan="1">0</td></tr><tr><th colspan="4">Test &#8212; skipped</th></tr><tr class="skippedeven"><td rowspan="8">MyTestCase.NewTest</td><td><a href="#m18">CheckAdvancedPopup</a></td><td rowspan="1">1531130944510</td><td rowspan="1">1</td></tr><tr class="skippedeven"><td><a href="#m19">CheckClaim</a></td><td rowspan="1">1531130944502</td><td rowspan="1">1</td></tr><tr class="skippedeven"><td><a href="#m20">CheckContact</a></td><td rowspan="1">1531130944512</td><td rowspan="1">1</td></tr><tr class="skippedeven"><td><a href="#m21">CheckEndorse</a></td><td rowspan="1">1531130944518</td><td rowspan="1">1</td></tr><tr class="skippedeven"><td><a href="#m22">CheckFinancialSnapshot</a></td><td rowspan="1">1531130944508</td><td rowspan="1">0</td></tr><tr class="skippedeven"><td><a href="#m23">CheckPopUp</a></td><td rowspan="1">1531130944499</td><td rowspan="1">1</td></tr><tr class="skippedeven"><td><a href="#m24">CheckRating</a></td><td rowspan="1">1531130944505</td><td rowspan="1">1</td></tr><tr class="skippedeven"><td><a href="#m25">CheckSubmit</a></td><td rowspan="1">1531130944515</td><td rowspan="1">0</td></tr><tr><th colspan="4">Test &#8212; passed</th></tr><tr class="passedeven"><td rowspan="1">MyTestCase.NewTest</td><td><a href="#m26">checkLogin</a></td><td rowspan="1">1531130930606</td><td rowspan="1">13195</td></tr></tbody></table><h2>Test</h2><h3 id="m0">MyTestCase.NewTest#TestSucessfullReport</h3><table class="result"><tr class="param"><th>Parameter #1</th></tr><tr class="param stripe"><td>[TestResult name=checkLogin status=SUCCESS method=NewTest.checkLogin()[pri:1, instance:MyTestCase.NewTest@174d20a] output={null}]</td></tr><tr><th>Exception</th></tr><tr><td><div class="stacktrace">org.openqa.selenium.remote.UnreachableBrowserException: Error communicating with the remote browser. It may have died.
Build info: version: &apos;2.50.1&apos;, revision: &apos;d7fc91b29de65b790abb01f3ac5f7ea2191c88a7&apos;, time: &apos;2016-01-29 11:11:26&apos;
System info: host: &apos;VICKY-PC&apos;, ip: &apos;192.168.1.18&apos;, os.name: &apos;Windows 7&apos;, os.arch: &apos;amd64&apos;, os.version: &apos;6.1&apos;, java.version: &apos;1.8.0_131&apos;
Driver info: driver.version: RemoteWebDriver
Capabilities [{applicationCacheEnabled=false, rotatable=false, mobileEmulationEnabled=false, networkConnectionEnabled=false, chrome={chromedriverVersion=2.35.528161 (5b82f2d2aae0ca24b877009200ced9065a772e73), userDataDir=C:\Users\VICKY\AppData\Local\Temp\scoped_dir10332_21784}, takesHeapSnapshot=true, pageLoadStrategy=normal, databaseEnabled=false, handlesAlerts=true, hasTouchScreen=false, version=67.0.3396.99, platform=XP, browserConnectionEnabled=false, nativeEvents=true, acceptSslCerts=false, acceptInsecureCerts=false, locationContextEnabled=true, webStorageEnabled=true, browserName=chrome, takesScreenshot=true, javascriptEnabled=true, cssSelectorsEnabled=true, setWindowRect=true, unexpectedAlertBehaviour=}]
Session ID: b5243a0b9a4ce057986bc846e648939e
	at org.openqa.selenium.remote.RemoteWebDriver.execute(RemoteWebDriver.java:665)
	at org.openqa.selenium.remote.RemoteWebDriver.execute(RemoteWebDriver.java:701)
	at org.openqa.selenium.remote.RemoteWebDriver.quit(RemoteWebDriver.java:526)
	at MyTestCase.NewTest.TestSucessfullReport(NewTest.java:201)
Caused by: java.lang.RuntimeException: Process refused to die after 10 seconds, and couldn&apos;t taskkill it: Unable to find executable for: taskkill
	at org.openqa.selenium.os.ProcessUtils.killWinProcess(ProcessUtils.java:143)
	at org.openqa.selenium.os.ProcessUtils.killProcess(ProcessUtils.java:81)
	at org.openqa.selenium.os.UnixProcess$SeleniumWatchDog.destroyHarder(UnixProcess.java:247)
	at org.openqa.selenium.os.UnixProcess$SeleniumWatchDog.access$200(UnixProcess.java:201)
	at org.openqa.selenium.os.UnixProcess.destroy(UnixProcess.java:125)
	at org.openqa.selenium.os.CommandLine.destroy(CommandLine.java:155)
	at org.openqa.selenium.remote.service.DriverService.stop(DriverService.java:196)
	at org.openqa.selenium.remote.service.DriverCommandExecutor.execute(DriverCommandExecutor.java:94)
	at org.openqa.selenium.remote.RemoteWebDriver.execute(RemoteWebDriver.java:644)
	... 32 more
Caused by: java.lang.NullPointerException: Unable to find executable for: taskkill
	at com.google.common.base.Preconditions.checkNotNull(Preconditions.java:251)
	at org.openqa.selenium.os.UnixProcess.&lt;init&gt;(UnixProcess.java:62)
	at org.openqa.selenium.os.CommandLine.&lt;init&gt;(CommandLine.java:38)
	at org.openqa.selenium.os.WindowsUtils.killPID(WindowsUtils.java:178)
	at org.openqa.selenium.os.ProcessUtils.killWinProcess(ProcessUtils.java:138)
	... 40 more
... Removed 29 stack frames</div></td></tr></table><p class="totop"><a href="#summary">back to summary</a></p><h3 id="m1">MyTestCase.NewTest#Setup</h3><table class="result"></table><p class="totop"><a href="#summary">back to summary</a></p><h3 id="m2">MyTestCase.NewTest#Setup</h3><table class="result"></table><p class="totop"><a href="#summary">back to summary</a></p><h3 id="m3">MyTestCase.NewTest#Setup</h3><table class="result"></table><p class="totop"><a href="#summary">back to summary</a></p><h3 id="m4">MyTestCase.NewTest#Setup</h3><table class="result"></table><p class="totop"><a href="#summary">back to summary</a></p><h3 id="m5">MyTestCase.NewTest#Setup</h3><table class="result"></table><p class="totop"><a href="#summary">back to summary</a></p><h3 id="m6">MyTestCase.NewTest#Setup</h3><table class="result"></table><p class="totop"><a href="#summary">back to summary</a></p><h3 id="m7">MyTestCase.NewTest#Setup</h3><table class="result"></table><p class="totop"><a href="#summary">back to summary</a></p><h3 id="m8">MyTestCase.NewTest#Setup</h3><table class="result"></table><p class="totop"><a href="#summary">back to summary</a></p><h3 id="m9">MyTestCase.NewTest#TestSucessfullReport</h3><table class="result"></table><p class="totop"><a href="#summary">back to summary</a></p><h3 id="m10">MyTestCase.NewTest#TestSucessfullReport</h3><table class="result"></table><p class="totop"><a href="#summary">back to summary</a></p><h3 id="m11">MyTestCase.NewTest#TestSucessfullReport</h3><table class="result"></table><p class="totop"><a href="#summary">back to summary</a></p><h3 id="m12">MyTestCase.NewTest#TestSucessfullReport</h3><table class="result"></table><p class="totop"><a href="#summary">back to summary</a></p><h3 id="m13">MyTestCase.NewTest#TestSucessfullReport</h3><table class="result"></table><p class="totop"><a href="#summary">back to summary</a></p><h3 id="m14">MyTestCase.NewTest#TestSucessfullReport</h3><table class="result"></table><p class="totop"><a href="#summary">back to summary</a></p><h3 id="m15">MyTestCase.NewTest#TestSucessfullReport</h3><table class="result"></table><p class="totop"><a href="#summary">back to summary</a></p><h3 id="m16">MyTestCase.NewTest#TestSucessfullReport</h3><table class="result"></table><p class="totop"><a href="#summary">back to summary</a></p><h3 id="m17">MyTestCase.NewTest#tearDown</h3><table class="result"></table><p class="totop"><a href="#summary">back to summary</a></p><h3 id="m18">MyTestCase.NewTest#CheckAdvancedPopup</h3><table class="result"></table><p class="totop"><a href="#summary">back to summary</a></p><h3 id="m19">MyTestCase.NewTest#CheckClaim</h3><table class="result"></table><p class="totop"><a href="#summary">back to summary</a></p><h3 id="m20">MyTestCase.NewTest#CheckContact</h3><table class="result"></table><p class="totop"><a href="#summary">back to summary</a></p><h3 id="m21">MyTestCase.NewTest#CheckEndorse</h3><table class="result"></table><p class="totop"><a href="#summary">back to summary</a></p><h3 id="m22">MyTestCase.NewTest#CheckFinancialSnapshot</h3><table class="result"></table><p class="totop"><a href="#summary">back to summary</a></p><h3 id="m23">MyTestCase.NewTest#CheckPopUp</h3><table class="result"></table><p class="totop"><a href="#summary">back to summary</a></p><h3 id="m24">MyTestCase.NewTest#CheckRating</h3><table class="result"></table><p class="totop"><a href="#summary">back to summary</a></p><h3 id="m25">MyTestCase.NewTest#CheckSubmit</h3><table class="result"></table><p class="totop"><a href="#summary">back to summary</a></p><h3 id="m26">MyTestCase.NewTest#checkLogin</h3><table class="result"></table><p class="totop"><a href="#summary">back to summary</a></p></body></html>