<?xml version="1.0" encoding="UTF-8"?>
<testng-results skipped="8" failed="1" total="9" passed="0">
  <reporter-output>
  </reporter-output>
  <suite name="Suite" duration-ms="12053" started-at="2018-07-09T10:41:39Z" finished-at="2018-07-09T10:41:51Z">
    <groups>
    </groups>
    <test name="Test" duration-ms="12053" started-at="2018-07-09T10:41:39Z" finished-at="2018-07-09T10:41:51Z">
      <class name="MyTestCase.NewTest">
        <test-method status="PASS" signature="setUpClass()[pri:0, instance:MyTestCase.NewTest@174d20a]" name="setUpClass" is-config="true" duration-ms="252" started-at="2018-07-09T16:11:39Z" finished-at="2018-07-09T16:11:39Z">
          <reporter-output>
          </reporter-output>
        </test-method> <!-- setUpClass -->
        <test-method status="PASS" signature="Setup()[pri:0, instance:MyTestCase.NewTest@174d20a]" name="Setup" is-config="true" duration-ms="11715" started-at="2018-07-09T16:11:39Z" finished-at="2018-07-09T16:11:51Z">
          <reporter-output>
          </reporter-output>
        </test-method> <!-- Setup -->
        <test-method status="FAIL" signature="checkLogin()[pri:1, instance:MyTestCase.NewTest@174d20a]" name="checkLogin" duration-ms="39" started-at="2018-07-09T16:11:51Z" finished-at="2018-07-09T16:11:51Z">
          <exception class="org.openqa.selenium.NoSuchWindowException">
            <message>
              <![CDATA[no such window: target window already closed
from unknown error: web view not found
  (Session info: chrome=67.0.3396.99)
  (Driver info: chromedriver=2.35.528161 (5b82f2d2aae0ca24b877009200ced9065a772e73),platform=Windows NT 6.1.7601 SP1 x86_64) (WARNING: The server did not provide any stacktrace information)
Command duration or timeout: 34 milliseconds
Build info: version: '2.50.1', revision: 'd7fc91b29de65b790abb01f3ac5f7ea2191c88a7', time: '2016-01-29 11:11:26'
System info: host: 'VICKY-PC', ip: '192.168.1.18', os.name: 'Windows 7', os.arch: 'amd64', os.version: '6.1', java.version: '1.8.0_131'
Driver info: org.openqa.selenium.chrome.ChromeDriver
Capabilities [{applicationCacheEnabled=false, rotatable=false, mobileEmulationEnabled=false, networkConnectionEnabled=false, chrome={chromedriverVersion=2.35.528161 (5b82f2d2aae0ca24b877009200ced9065a772e73), userDataDir=C:\Users\VICKY\AppData\Local\Temp\scoped_dir11272_15705}, takesHeapSnapshot=true, pageLoadStrategy=normal, databaseEnabled=false, handlesAlerts=true, hasTouchScreen=false, version=67.0.3396.99, platform=XP, browserConnectionEnabled=false, nativeEvents=true, acceptSslCerts=false, acceptInsecureCerts=false, locationContextEnabled=true, webStorageEnabled=true, browserName=chrome, takesScreenshot=true, javascriptEnabled=true, cssSelectorsEnabled=true, setWindowRect=true, unexpectedAlertBehaviour=}]
Session ID: c61ec9b7e6d4e88e9254386481a2f5ac
*** Element info: {Using=xpath, value=//div[@id='popup-dialog-window']//span[@id='close-dialog']}]]>
            </message>
            <full-stacktrace>
              <![CDATA[org.openqa.selenium.NoSuchWindowException: no such window: target window already closed
from unknown error: web view not found
  (Session info: chrome=67.0.3396.99)
  (Driver info: chromedriver=2.35.528161 (5b82f2d2aae0ca24b877009200ced9065a772e73),platform=Windows NT 6.1.7601 SP1 x86_64) (WARNING: The server did not provide any stacktrace information)
Command duration or timeout: 34 milliseconds
Build info: version: '2.50.1', revision: 'd7fc91b29de65b790abb01f3ac5f7ea2191c88a7', time: '2016-01-29 11:11:26'
System info: host: 'VICKY-PC', ip: '192.168.1.18', os.name: 'Windows 7', os.arch: 'amd64', os.version: '6.1', java.version: '1.8.0_131'
Driver info: org.openqa.selenium.chrome.ChromeDriver
Capabilities [{applicationCacheEnabled=false, rotatable=false, mobileEmulationEnabled=false, networkConnectionEnabled=false, chrome={chromedriverVersion=2.35.528161 (5b82f2d2aae0ca24b877009200ced9065a772e73), userDataDir=C:\Users\VICKY\AppData\Local\Temp\scoped_dir11272_15705}, takesHeapSnapshot=true, pageLoadStrategy=normal, databaseEnabled=false, handlesAlerts=true, hasTouchScreen=false, version=67.0.3396.99, platform=XP, browserConnectionEnabled=false, nativeEvents=true, acceptSslCerts=false, acceptInsecureCerts=false, locationContextEnabled=true, webStorageEnabled=true, browserName=chrome, takesScreenshot=true, javascriptEnabled=true, cssSelectorsEnabled=true, setWindowRect=true, unexpectedAlertBehaviour=}]
Session ID: c61ec9b7e6d4e88e9254386481a2f5ac
*** Element info: {Using=xpath, value=//div[@id='popup-dialog-window']//span[@id='close-dialog']}
	at sun.reflect.NativeConstructorAccessorImpl.newInstance0(Native Method)
	at sun.reflect.NativeConstructorAccessorImpl.newInstance(NativeConstructorAccessorImpl.java:62)
	at sun.reflect.DelegatingConstructorAccessorImpl.newInstance(DelegatingConstructorAccessorImpl.java:45)
	at java.lang.reflect.Constructor.newInstance(Constructor.java:423)
	at org.openqa.selenium.remote.ErrorHandler.createThrowable(ErrorHandler.java:206)
	at org.openqa.selenium.remote.ErrorHandler.throwIfResponseFailed(ErrorHandler.java:158)
	at org.openqa.selenium.remote.RemoteWebDriver.execute(RemoteWebDriver.java:678)
	at org.openqa.selenium.remote.RemoteWebDriver.findElement(RemoteWebDriver.java:363)
	at org.openqa.selenium.remote.RemoteWebDriver.findElementByXPath(RemoteWebDriver.java:500)
	at org.openqa.selenium.By$ByXPath.findElement(By.java:361)
	at org.openqa.selenium.remote.RemoteWebDriver.findElement(RemoteWebDriver.java:355)
	at org.openqa.selenium.support.pagefactory.DefaultElementLocator.findElement(DefaultElementLocator.java:69)
	at org.openqa.selenium.support.pagefactory.internal.LocatingElementHandler.invoke(LocatingElementHandler.java:38)
	at com.sun.proxy.$Proxy7.click(Unknown Source)
	at PageClass.Login_Test.UserLogin(Login_Test.java:50)
	at MyTestCase.NewTest.checkLogin(NewTest.java:101)
	at sun.reflect.NativeMethodAccessorImpl.invoke0(Native Method)
	at sun.reflect.NativeMethodAccessorImpl.invoke(NativeMethodAccessorImpl.java:62)
	at sun.reflect.DelegatingMethodAccessorImpl.invoke(DelegatingMethodAccessorImpl.java:43)
	at java.lang.reflect.Method.invoke(Method.java:498)
	at org.testng.internal.MethodInvocationHelper.invokeMethod(MethodInvocationHelper.java:86)
	at org.testng.internal.Invoker.invokeMethod(Invoker.java:643)
	at org.testng.internal.Invoker.invokeTestMethod(Invoker.java:820)
	at org.testng.internal.Invoker.invokeTestMethods(Invoker.java:1128)
	at org.testng.internal.TestMethodWorker.invokeTestMethods(TestMethodWorker.java:129)
	at org.testng.internal.TestMethodWorker.run(TestMethodWorker.java:112)
	at org.testng.TestRunner.privateRun(TestRunner.java:782)
	at org.testng.TestRunner.run(TestRunner.java:632)
	at org.testng.SuiteRunner.runTest(SuiteRunner.java:366)
	at org.testng.SuiteRunner.runSequentially(SuiteRunner.java:361)
	at org.testng.SuiteRunner.privateRun(SuiteRunner.java:319)
	at org.testng.SuiteRunner.run(SuiteRunner.java:268)
	at org.testng.SuiteRunnerWorker.runSuite(SuiteRunnerWorker.java:52)
	at org.testng.SuiteRunnerWorker.run(SuiteRunnerWorker.java:86)
	at org.testng.TestNG.runSuitesSequentially(TestNG.java:1244)
	at org.testng.TestNG.runSuitesLocally(TestNG.java:1169)
	at org.testng.TestNG.run(TestNG.java:1064)
	at org.apache.maven.surefire.testng.TestNGExecutor.run(TestNGExecutor.java:283)
	at org.apache.maven.surefire.testng.TestNGXmlTestSuite.execute(TestNGXmlTestSuite.java:75)
	at org.apache.maven.surefire.testng.TestNGProvider.invoke(TestNGProvider.java:120)
	at org.apache.maven.surefire.booter.ForkedBooter.invokeProviderInSameClassLoader(ForkedBooter.java:386)
	at org.apache.maven.surefire.booter.ForkedBooter.runSuitesInProcess(ForkedBooter.java:323)
	at org.apache.maven.surefire.booter.ForkedBooter.main(ForkedBooter.java:143)
]]>
            </full-stacktrace>
          </exception> <!-- org.openqa.selenium.NoSuchWindowException -->
          <reporter-output>
          </reporter-output>
        </test-method> <!-- checkLogin -->
        <test-method status="FAIL" signature="TestSucessfullReport(org.testng.ITestResult)[pri:0, instance:MyTestCase.NewTest@174d20a]" name="TestSucessfullReport" is-config="true" duration-ms="0" started-at="2018-07-09T16:11:51Z" finished-at="2018-07-09T16:11:51Z">
          <params>
            <param index="0">
              <value>
                <![CDATA[[TestResult name=checkLogin status=FAILURE method=NewTest.checkLogin()[pri:1, instance:MyTestCase.NewTest@174d20a] output={null}]]]>
              </value>
            </param>
          </params>
          <exception class="java.lang.NullPointerException">
            <full-stacktrace>
              <![CDATA[java.lang.NullPointerException
	at MyTestCase.NewTest.TestSucessfullReport(NewTest.java:196)
	at sun.reflect.NativeMethodAccessorImpl.invoke0(Native Method)
	at sun.reflect.NativeMethodAccessorImpl.invoke(NativeMethodAccessorImpl.java:62)
	at sun.reflect.DelegatingMethodAccessorImpl.invoke(DelegatingMethodAccessorImpl.java:43)
	at java.lang.reflect.Method.invoke(Method.java:498)
	at org.testng.internal.MethodInvocationHelper.invokeMethod(MethodInvocationHelper.java:86)
	at org.testng.internal.Invoker.invokeConfigurationMethod(Invoker.java:514)
	at org.testng.internal.Invoker.invokeConfigurations(Invoker.java:215)
	at org.testng.internal.Invoker.invokeMethod(Invoker.java:707)
	at org.testng.internal.Invoker.invokeTestMethod(Invoker.java:820)
	at org.testng.internal.Invoker.invokeTestMethods(Invoker.java:1128)
	at org.testng.internal.TestMethodWorker.invokeTestMethods(TestMethodWorker.java:129)
	at org.testng.internal.TestMethodWorker.run(TestMethodWorker.java:112)
	at org.testng.TestRunner.privateRun(TestRunner.java:782)
	at org.testng.TestRunner.run(TestRunner.java:632)
	at org.testng.SuiteRunner.runTest(SuiteRunner.java:366)
	at org.testng.SuiteRunner.runSequentially(SuiteRunner.java:361)
	at org.testng.SuiteRunner.privateRun(SuiteRunner.java:319)
	at org.testng.SuiteRunner.run(SuiteRunner.java:268)
	at org.testng.SuiteRunnerWorker.runSuite(SuiteRunnerWorker.java:52)
	at org.testng.SuiteRunnerWorker.run(SuiteRunnerWorker.java:86)
	at org.testng.TestNG.runSuitesSequentially(TestNG.java:1244)
	at org.testng.TestNG.runSuitesLocally(TestNG.java:1169)
	at org.testng.TestNG.run(TestNG.java:1064)
	at org.apache.maven.surefire.testng.TestNGExecutor.run(TestNGExecutor.java:283)
	at org.apache.maven.surefire.testng.TestNGXmlTestSuite.execute(TestNGXmlTestSuite.java:75)
	at org.apache.maven.surefire.testng.TestNGProvider.invoke(TestNGProvider.java:120)
	at org.apache.maven.surefire.booter.ForkedBooter.invokeProviderInSameClassLoader(ForkedBooter.java:386)
	at org.apache.maven.surefire.booter.ForkedBooter.runSuitesInProcess(ForkedBooter.java:323)
	at org.apache.maven.surefire.booter.ForkedBooter.main(ForkedBooter.java:143)
]]>
            </full-stacktrace>
          </exception> <!-- java.lang.NullPointerException -->
          <reporter-output>
          </reporter-output>
        </test-method> <!-- TestSucessfullReport -->
        <test-method status="SKIP" signature="CheckPopUp()[pri:2, instance:MyTestCase.NewTest@174d20a]" name="CheckPopUp" duration-ms="0" started-at="2018-07-09T16:11:51Z" finished-at="2018-07-09T16:11:51Z">
          <reporter-output>
          </reporter-output>
        </test-method> <!-- CheckPopUp -->
        <test-method status="SKIP" signature="Setup()[pri:0, instance:MyTestCase.NewTest@174d20a]" name="Setup" is-config="true" duration-ms="0" started-at="2018-07-09T16:11:51Z" finished-at="2018-07-09T16:11:51Z">
          <reporter-output>
          </reporter-output>
        </test-method> <!-- Setup -->
        <test-method status="SKIP" signature="TestSucessfullReport(org.testng.ITestResult)[pri:0, instance:MyTestCase.NewTest@174d20a]" name="TestSucessfullReport" is-config="true" duration-ms="0" started-at="2018-07-09T16:11:51Z" finished-at="2018-07-09T16:11:51Z">
          <reporter-output>
          </reporter-output>
        </test-method> <!-- TestSucessfullReport -->
        <test-method status="SKIP" signature="Setup()[pri:0, instance:MyTestCase.NewTest@174d20a]" name="Setup" is-config="true" duration-ms="0" started-at="2018-07-09T16:11:51Z" finished-at="2018-07-09T16:11:51Z">
          <reporter-output>
          </reporter-output>
        </test-method> <!-- Setup -->
        <test-method status="SKIP" signature="Setup()[pri:0, instance:MyTestCase.NewTest@174d20a]" name="Setup" is-config="true" duration-ms="0" started-at="2018-07-09T16:11:51Z" finished-at="2018-07-09T16:11:51Z">
          <reporter-output>
          </reporter-output>
        </test-method> <!-- Setup -->
        <test-method status="SKIP" signature="TestSucessfullReport(org.testng.ITestResult)[pri:0, instance:MyTestCase.NewTest@174d20a]" name="TestSucessfullReport" is-config="true" duration-ms="0" started-at="2018-07-09T16:11:51Z" finished-at="2018-07-09T16:11:51Z">
          <reporter-output>
          </reporter-output>
        </test-method> <!-- TestSucessfullReport -->
        <test-method status="SKIP" signature="CheckClaim()[pri:3, instance:MyTestCase.NewTest@174d20a]" name="CheckClaim" duration-ms="0" started-at="2018-07-09T16:11:51Z" finished-at="2018-07-09T16:11:51Z">
          <reporter-output>
          </reporter-output>
        </test-method> <!-- CheckClaim -->
        <test-method status="SKIP" signature="CheckRating()[pri:4, instance:MyTestCase.NewTest@174d20a]" name="CheckRating" duration-ms="0" started-at="2018-07-09T16:11:51Z" finished-at="2018-07-09T16:11:51Z">
          <reporter-output>
          </reporter-output>
        </test-method> <!-- CheckRating -->
        <test-method status="SKIP" signature="TestSucessfullReport(org.testng.ITestResult)[pri:0, instance:MyTestCase.NewTest@174d20a]" name="TestSucessfullReport" is-config="true" duration-ms="0" started-at="2018-07-09T16:11:51Z" finished-at="2018-07-09T16:11:51Z">
          <reporter-output>
          </reporter-output>
        </test-method> <!-- TestSucessfullReport -->
        <test-method status="SKIP" signature="CheckFinancialSnapshot()[pri:5, instance:MyTestCase.NewTest@174d20a]" name="CheckFinancialSnapshot" duration-ms="1" started-at="2018-07-09T16:11:51Z" finished-at="2018-07-09T16:11:51Z">
          <reporter-output>
          </reporter-output>
        </test-method> <!-- CheckFinancialSnapshot -->
        <test-method status="SKIP" signature="Setup()[pri:0, instance:MyTestCase.NewTest@174d20a]" name="Setup" is-config="true" duration-ms="0" started-at="2018-07-09T16:11:51Z" finished-at="2018-07-09T16:11:51Z">
          <reporter-output>
          </reporter-output>
        </test-method> <!-- Setup -->
        <test-method status="SKIP" signature="TestSucessfullReport(org.testng.ITestResult)[pri:0, instance:MyTestCase.NewTest@174d20a]" name="TestSucessfullReport" is-config="true" duration-ms="0" started-at="2018-07-09T16:11:51Z" finished-at="2018-07-09T16:11:51Z">
          <reporter-output>
          </reporter-output>
        </test-method> <!-- TestSucessfullReport -->
        <test-method status="SKIP" signature="CheckAdvancedPopup()[pri:6, instance:MyTestCase.NewTest@174d20a]" name="CheckAdvancedPopup" duration-ms="0" started-at="2018-07-09T16:11:51Z" finished-at="2018-07-09T16:11:51Z">
          <reporter-output>
          </reporter-output>
        </test-method> <!-- CheckAdvancedPopup -->
        <test-method status="SKIP" signature="Setup()[pri:0, instance:MyTestCase.NewTest@174d20a]" name="Setup" is-config="true" duration-ms="0" started-at="2018-07-09T16:11:51Z" finished-at="2018-07-09T16:11:51Z">
          <reporter-output>
          </reporter-output>
        </test-method> <!-- Setup -->
        <test-method status="SKIP" signature="TestSucessfullReport(org.testng.ITestResult)[pri:0, instance:MyTestCase.NewTest@174d20a]" name="TestSucessfullReport" is-config="true" duration-ms="0" started-at="2018-07-09T16:11:51Z" finished-at="2018-07-09T16:11:51Z">
          <reporter-output>
          </reporter-output>
        </test-method> <!-- TestSucessfullReport -->
        <test-method status="SKIP" signature="TestSucessfullReport(org.testng.ITestResult)[pri:0, instance:MyTestCase.NewTest@174d20a]" name="TestSucessfullReport" is-config="true" duration-ms="0" started-at="2018-07-09T16:11:51Z" finished-at="2018-07-09T16:11:51Z">
          <reporter-output>
          </reporter-output>
        </test-method> <!-- TestSucessfullReport -->
        <test-method status="SKIP" signature="CheckContact()[pri:7, instance:MyTestCase.NewTest@174d20a]" name="CheckContact" duration-ms="0" started-at="2018-07-09T16:11:51Z" finished-at="2018-07-09T16:11:51Z">
          <reporter-output>
          </reporter-output>
        </test-method> <!-- CheckContact -->
        <test-method status="SKIP" signature="Setup()[pri:0, instance:MyTestCase.NewTest@174d20a]" name="Setup" is-config="true" duration-ms="0" started-at="2018-07-09T16:11:51Z" finished-at="2018-07-09T16:11:51Z">
          <reporter-output>
          </reporter-output>
        </test-method> <!-- Setup -->
        <test-method status="SKIP" signature="Setup()[pri:0, instance:MyTestCase.NewTest@174d20a]" name="Setup" is-config="true" duration-ms="0" started-at="2018-07-09T16:11:51Z" finished-at="2018-07-09T16:11:51Z">
          <reporter-output>
          </reporter-output>
        </test-method> <!-- Setup -->
        <test-method status="SKIP" signature="CheckSubmit()[pri:8, instance:MyTestCase.NewTest@174d20a]" name="CheckSubmit" duration-ms="0" started-at="2018-07-09T16:11:51Z" finished-at="2018-07-09T16:11:51Z">
          <reporter-output>
          </reporter-output>
        </test-method> <!-- CheckSubmit -->
        <test-method status="SKIP" signature="Setup()[pri:0, instance:MyTestCase.NewTest@174d20a]" name="Setup" is-config="true" duration-ms="0" started-at="2018-07-09T16:11:51Z" finished-at="2018-07-09T16:11:51Z">
          <reporter-output>
          </reporter-output>
        </test-method> <!-- Setup -->
        <test-method status="SKIP" signature="CheckEndorse()[pri:9, instance:MyTestCase.NewTest@174d20a]" name="CheckEndorse" duration-ms="0" started-at="2018-07-09T16:11:51Z" finished-at="2018-07-09T16:11:51Z">
          <reporter-output>
          </reporter-output>
        </test-method> <!-- CheckEndorse -->
        <test-method status="SKIP" signature="TestSucessfullReport(org.testng.ITestResult)[pri:0, instance:MyTestCase.NewTest@174d20a]" name="TestSucessfullReport" is-config="true" duration-ms="0" started-at="2018-07-09T16:11:51Z" finished-at="2018-07-09T16:11:51Z">
          <reporter-output>
          </reporter-output>
        </test-method> <!-- TestSucessfullReport -->
        <test-method status="SKIP" signature="TestSucessfullReport(org.testng.ITestResult)[pri:0, instance:MyTestCase.NewTest@174d20a]" name="TestSucessfullReport" is-config="true" duration-ms="0" started-at="2018-07-09T16:11:51Z" finished-at="2018-07-09T16:11:51Z">
          <reporter-output>
          </reporter-output>
        </test-method> <!-- TestSucessfullReport -->
        <test-method status="SKIP" signature="tearDown()[pri:0, instance:MyTestCase.NewTest@174d20a]" name="tearDown" is-config="true" duration-ms="0" started-at="2018-07-09T16:11:51Z" finished-at="2018-07-09T16:11:51Z">
          <reporter-output>
          </reporter-output>
        </test-method> <!-- tearDown -->
      </class> <!-- MyTestCase.NewTest -->
    </test> <!-- Test -->
  </suite> <!-- Suite -->
</testng-results>
