<?xml version="1.0" encoding="UTF-8"?>
<testsuite xmlns:xsi="http://www.w3.org/2001/XMLSchema-instance" xsi:noNamespaceSchemaLocation="https://maven.apache.org/surefire/maven-surefire-plugin/xsd/surefire-test-report.xsd" name="TestSuite" time="5.872" tests="27" errors="0" skipped="25" failures="2">
  <properties>
    <property name="java.runtime.name" value="Java(TM) SE Runtime Environment"/>
    <property name="sun.boot.library.path" value="C:\Program Files\Java\jre1.8.0_131\bin"/>
    <property name="java.vm.version" value="25.131-b11"/>
    <property name="java.vm.vendor" value="Oracle Corporation"/>
    <property name="maven.multiModuleProjectDirectory" value="C:\Test-OXYGEN\RedBook"/>
    <property name="java.vendor.url" value="http://java.oracle.com/"/>
    <property name="path.separator" value=";"/>
    <property name="guice.disable.misplaced.annotation.check" value="true"/>
    <property name="java.vm.name" value="Java HotSpot(TM) 64-Bit Server VM"/>
    <property name="file.encoding.pkg" value="sun.io"/>
    <property name="user.script" value=""/>
    <property name="user.country" value="US"/>
    <property name="sun.java.launcher" value="SUN_STANDARD"/>
    <property name="sun.os.patch.level" value="Service Pack 1"/>
    <property name="java.vm.specification.name" value="Java Virtual Machine Specification"/>
    <property name="user.dir" value="C:\Test-OXYGEN\RedBook"/>
    <property name="java.runtime.version" value="1.8.0_131-b11"/>
    <property name="java.awt.graphicsenv" value="sun.awt.Win32GraphicsEnvironment"/>
    <property name="java.endorsed.dirs" value="C:\Program Files\Java\jre1.8.0_131\lib\endorsed"/>
    <property name="os.arch" value="amd64"/>
    <property name="java.io.tmpdir" value="C:\Users\VICKY\AppData\Local\Temp\"/>
    <property name="line.separator" value="&#10;"/>
    <property name="java.vm.specification.vendor" value="Oracle Corporation"/>
    <property name="user.variant" value=""/>
    <property name="os.name" value="Windows 7"/>
    <property name="classworlds.conf" value="C:\Test-OXYGEN\.metadata\.plugins\org.eclipse.m2e.launching\launches\m2conf2037491785816037610.tmp"/>
    <property name="sun.jnu.encoding" value="Cp1252"/>
    <property name="java.library.path" value="C:\Program Files\Java\jre1.8.0_131\bin;C:\Windows\Sun\Java\bin;C:\Windows\system32;C:\Windows;C:/Program Files/Java/jdk1.8.0_131/bin/../jre/bin/server;C:/Program Files/Java/jdk1.8.0_131/bin/../jre/bin;C:/Program Files/Java/jdk1.8.0_131/bin/../jre/lib/amd64;C:\Users\VICKY\Downloads\Maven\apache-maven-3.5.2\bin;C:\SDK MANAGER\tools;C:\SDK Manager\platform-tools;C:\Program Files\Java\jdk1.8.0_131\bin;C:\Users\VICKY\AppData\Local\Android\sdk\tools\bin;C:\Users\VICKY\AppData\Local\Android\sdk\tools;C:\Users\VICKY\AppData\Local\Android\sdk\platform-tools;C:\Program Files\nodejs;C:\Program Files\nodejs\node_modules\npm\bin;C:\Users\VICKY\AppData\Local\Programs\Python\Python36-32\;C:\Users\VICKY\AppData\Local\Programs\Python\Python36-32\Scripts\ ;C:\Users\VICKY\Downloads\ANT\apache-ant-1.10.3\bin;C:\Program Files\Git\cmd;C:\Users\VICKY\AppData\Local\Programs\Python\Python36-32\Scripts\;C:\Users\VICKY\AppData\Local\Programs\Python\Python36-32\;C:\Program Files\Java\jdk1.8.0_131\bin;C:\Users\VICKY\AppData\Roaming\npm;C:\Users\VICKY\AppData\Local\atom\bin;C:\Windows\system32;;."/>
    <property name="java.specification.name" value="Java Platform API Specification"/>
    <property name="java.class.version" value="52.0"/>
    <property name="sun.management.compiler" value="HotSpot 64-Bit Tiered Compilers"/>
    <property name="os.version" value="6.1"/>
    <property name="user.home" value="C:\Users\VICKY"/>
    <property name="user.timezone" value="Asia/Calcutta"/>
    <property name="java.awt.printerjob" value="sun.awt.windows.WPrinterJob"/>
    <property name="java.specification.version" value="1.8"/>
    <property name="file.encoding" value="Cp1252"/>
    <property name="user.name" value="VICKY"/>
    <property name="java.class.path" value="C:\Users\VICKY\.p2\pool\plugins\org.eclipse.m2e.maven.runtime_1.8.2.20171007-0216\jars\plexus-classworlds-2.5.2.jar"/>
    <property name="java.vm.specification.version" value="1.8"/>
    <property name="sun.arch.data.model" value="64"/>
    <property name="java.home" value="C:\Program Files\Java\jre1.8.0_131"/>
    <property name="sun.java.command" value="org.codehaus.plexus.classworlds.launcher.Launcher -B test"/>
    <property name="java.specification.vendor" value="Oracle Corporation"/>
    <property name="user.language" value="en"/>
    <property name="awt.toolkit" value="sun.awt.windows.WToolkit"/>
    <property name="java.vm.info" value="mixed mode"/>
    <property name="java.version" value="1.8.0_131"/>
    <property name="java.ext.dirs" value="C:\Program Files\Java\jre1.8.0_131\lib\ext;C:\Windows\Sun\Java\lib\ext"/>
    <property name="sun.boot.class.path" value="C:\Program Files\Java\jre1.8.0_131\lib\resources.jar;C:\Program Files\Java\jre1.8.0_131\lib\rt.jar;C:\Program Files\Java\jre1.8.0_131\lib\sunrsasign.jar;C:\Program Files\Java\jre1.8.0_131\lib\jsse.jar;C:\Program Files\Java\jre1.8.0_131\lib\jce.jar;C:\Program Files\Java\jre1.8.0_131\lib\charsets.jar;C:\Program Files\Java\jre1.8.0_131\lib\jfr.jar;C:\Program Files\Java\jre1.8.0_131\classes"/>
    <property name="java.vendor" value="Oracle Corporation"/>
    <property name="maven.home" value="C:\Test-OXYGEN\RedBook\EMBEDDED"/>
    <property name="file.separator" value="\"/>
    <property name="java.vendor.url.bug" value="http://bugreport.sun.com/bugreport/"/>
    <property name="sun.cpu.endian" value="little"/>
    <property name="sun.io.unicode.encoding" value="UnicodeLittle"/>
    <property name="sun.desktop" value="windows"/>
    <property name="sun.cpu.isalist" value="amd64"/>
  </properties>
  <testcase name="checkLogin" classname="MyTestCase.NewTest" time="0.031">
    <failure message="no such window: target window already closed&#10;from unknown error: web view not found&#10;  (Session info: chrome=67.0.3396.99)&#10;  (Driver info: chromedriver=2.35.528161 (5b82f2d2aae0ca24b877009200ced9065a772e73),platform=Windows NT 6.1.7601 SP1 x86_64) (WARNING: The server did not provide any stacktrace information)&#10;Command duration or timeout: 4 milliseconds&#10;Build info: version: &apos;2.50.1&apos;, revision: &apos;d7fc91b29de65b790abb01f3ac5f7ea2191c88a7&apos;, time: &apos;2016-01-29 11:11:26&apos;&#10;System info: host: &apos;VICKY-PC&apos;, ip: &apos;192.168.1.18&apos;, os.name: &apos;Windows 7&apos;, os.arch: &apos;amd64&apos;, os.version: &apos;6.1&apos;, java.version: &apos;1.8.0_131&apos;&#10;Driver info: org.openqa.selenium.chrome.ChromeDriver&#10;Capabilities [{applicationCacheEnabled=false, rotatable=false, mobileEmulationEnabled=false, networkConnectionEnabled=false, chrome={chromedriverVersion=2.35.528161 (5b82f2d2aae0ca24b877009200ced9065a772e73), userDataDir=C:\Users\VICKY\AppData\Local\Temp\scoped_dir6800_5785}, takesHeapSnapshot=true, pageLoadStrategy=normal, databaseEnabled=false, handlesAlerts=true, hasTouchScreen=false, version=67.0.3396.99, platform=XP, browserConnectionEnabled=false, nativeEvents=true, acceptSslCerts=false, acceptInsecureCerts=false, locationContextEnabled=true, webStorageEnabled=true, browserName=chrome, takesScreenshot=true, javascriptEnabled=true, cssSelectorsEnabled=true, setWindowRect=true, unexpectedAlertBehaviour=}]&#10;Session ID: d22bee1f2efcb1c433b85581ef8b603b&#10;*** Element info: {Using=xpath, value=//div[@id=&apos;popup-dialog-window&apos;]//span[@id=&apos;close-dialog&apos;]}" type="org.openqa.selenium.NoSuchWindowException">org.openqa.selenium.NoSuchWindowException: 
no such window: target window already closed
from unknown error: web view not found
  (Session info: chrome=67.0.3396.99)
  (Driver info: chromedriver=2.35.528161 (5b82f2d2aae0ca24b877009200ced9065a772e73),platform=Windows NT 6.1.7601 SP1 x86_64) (WARNING: The server did not provide any stacktrace information)
Command duration or timeout: 4 milliseconds
Build info: version: '2.50.1', revision: 'd7fc91b29de65b790abb01f3ac5f7ea2191c88a7', time: '2016-01-29 11:11:26'
System info: host: 'VICKY-PC', ip: '192.168.1.18', os.name: 'Windows 7', os.arch: 'amd64', os.version: '6.1', java.version: '1.8.0_131'
Driver info: org.openqa.selenium.chrome.ChromeDriver
Capabilities [{applicationCacheEnabled=false, rotatable=false, mobileEmulationEnabled=false, networkConnectionEnabled=false, chrome={chromedriverVersion=2.35.528161 (5b82f2d2aae0ca24b877009200ced9065a772e73), userDataDir=C:\Users\VICKY\AppData\Local\Temp\scoped_dir6800_5785}, takesHeapSnapshot=true, pageLoadStrategy=normal, databaseEnabled=false, handlesAlerts=true, hasTouchScreen=false, version=67.0.3396.99, platform=XP, browserConnectionEnabled=false, nativeEvents=true, acceptSslCerts=false, acceptInsecureCerts=false, locationContextEnabled=true, webStorageEnabled=true, browserName=chrome, takesScreenshot=true, javascriptEnabled=true, cssSelectorsEnabled=true, setWindowRect=true, unexpectedAlertBehaviour=}]
Session ID: d22bee1f2efcb1c433b85581ef8b603b
*** Element info: {Using=xpath, value=//div[@id='popup-dialog-window']//span[@id='close-dialog']}
	at MyTestCase.NewTest.checkLogin(NewTest.java:101)
</failure>
    <system-err><![CDATA[Starting ChromeDriver 2.35.528161 (5b82f2d2aae0ca24b877009200ced9065a772e73) on port 40423
Only local connections are allowed.
[1531121342.992][SEVERE]: Unable to receive message from renderer
]]></system-err>
  </testcase>
  <testcase name="TestSucessfullReport" classname="MyTestCase.NewTest" time="0.034">
    <failure type="java.lang.NullPointerException">java.lang.NullPointerException
	at MyTestCase.NewTest.TestSucessfullReport(NewTest.java:196)
</failure>
  </testcase>
  <testcase name="TestSucessfullReport" classname="MyTestCase.NewTest" time="0">
    <skipped/>
  </testcase>
  <testcase name="TestSucessfullReport" classname="MyTestCase.NewTest" time="0">
    <skipped/>
  </testcase>
  <testcase name="TestSucessfullReport" classname="MyTestCase.NewTest" time="0">
    <skipped/>
  </testcase>
  <testcase name="TestSucessfullReport" classname="MyTestCase.NewTest" time="0">
    <skipped/>
  </testcase>
  <testcase name="TestSucessfullReport" classname="MyTestCase.NewTest" time="0">
    <skipped/>
  </testcase>
  <testcase name="TestSucessfullReport" classname="MyTestCase.NewTest" time="0">
    <skipped/>
  </testcase>
  <testcase name="TestSucessfullReport" classname="MyTestCase.NewTest" time="0">
    <skipped/>
  </testcase>
  <testcase name="TestSucessfullReport" classname="MyTestCase.NewTest" time="0">
    <skipped/>
  </testcase>
  <testcase name="Setup" classname="MyTestCase.NewTest" time="0">
    <skipped/>
  </testcase>
  <testcase name="Setup" classname="MyTestCase.NewTest" time="0">
    <skipped/>
  </testcase>
  <testcase name="Setup" classname="MyTestCase.NewTest" time="0">
    <skipped/>
  </testcase>
  <testcase name="Setup" classname="MyTestCase.NewTest" time="0">
    <skipped/>
  </testcase>
  <testcase name="Setup" classname="MyTestCase.NewTest" time="0">
    <skipped/>
  </testcase>
  <testcase name="Setup" classname="MyTestCase.NewTest" time="0">
    <skipped/>
  </testcase>
  <testcase name="Setup" classname="MyTestCase.NewTest" time="0">
    <skipped/>
  </testcase>
  <testcase name="Setup" classname="MyTestCase.NewTest" time="0">
    <skipped/>
  </testcase>
  <testcase name="CheckPopUp" classname="MyTestCase.NewTest" time="0">
    <skipped/>
  </testcase>
  <testcase name="CheckClaim" classname="MyTestCase.NewTest" time="0">
    <skipped/>
  </testcase>
  <testcase name="CheckRating" classname="MyTestCase.NewTest" time="0">
    <skipped/>
  </testcase>
  <testcase name="CheckFinancialSnapshot" classname="MyTestCase.NewTest" time="0">
    <skipped/>
  </testcase>
  <testcase name="CheckAdvancedPopup" classname="MyTestCase.NewTest" time="0">
    <skipped/>
  </testcase>
  <testcase name="CheckContact" classname="MyTestCase.NewTest" time="0">
    <skipped/>
  </testcase>
  <testcase name="CheckSubmit" classname="MyTestCase.NewTest" time="0">
    <skipped/>
  </testcase>
  <testcase name="CheckEndorse" classname="MyTestCase.NewTest" time="0">
    <skipped/>
  </testcase>
  <testcase name="tearDown" classname="MyTestCase.NewTest" time="0">
    <skipped/>
  </testcase>
</testsuite>